(-366, -414, 'DDG', 1)
(-161, -438, 'DDG', 1)
(-190, -442, 'DDG', -1)
(-440, -366, 'DDG', 1)
(-180, -440, 'CDG', 1)
(-443, -441, 'DDG', -1)
(-180, -414, 'DDG', 1)
(-180, -439, 'CDG', 1)
(-443, -161, 'DDG', -1)
(-440, -161, 'DDG', 1)
(-180, -438, 'CDG', 1)
(-161, -366, 'DDG', 1)
(-161, -441, 'DDG', -1)
(-180, -440, 'DDG', 1)
(-366, -161, 'DDG', 1)
(-366, -431, 'CDG', 1)
(-180, -443, 'CDG', -1)
(-443, -442, 'DDG', -1)
(-180, -441, 'CDG', -1)
(-161, -440, 'DDG', 1)
(-440, -438, 'DDG', 1)
(-161, -439, 'DDG', 1)
(-366, -161, 'DDG', 1)
(-190, -438, 'DDG', 1)
(-161, -414, 'DDG', 1)
(-161, -442, 'DDG', -1)
(-190, -414, 'DDG', 1)
(-180, -431, 'DDG', 1)
(-180, -443, 'DDG', -1)
(-161, -443, 'DDG', -1)
(-366, -440, 'DDG', 1)
(-180, -366, 'CDG', 1)
(-440, -439, 'DDG', 1)
(-443, -190, 'DDG', -1)
(-440, -190, 'DDG', 1)
(-190, -366, 'DDG', 1)
(-180, -366, 'DDG', 1)
(-190, -441, 'DDG', -1)
(-180, -442, 'CDG', -1)
(-366, -440, 'DDG', 1)
(-366, -414, 'CDG', 1)
(-366, -190, 'DDG', 1)
(-366, -438, 'DDG', 1)
(-190, -440, 'DDG', 1)
(-440, -414, 'DDG', 1)
(-190, -439, 'DDG', 1)
(-366, -439, 'DDG', 1)
(-40, -366, 'DDG', 1)
(-366, -190, 'DDG', 1)
(-366, -438, 'DDG', 1)
(-366, -414, 'DDG', 1)
(-366, -439, 'DDG', 1)
(-190, -443, 'DDG', -1)
(-905, -912, 'DDGid', 1)
(-905, -892, 'DDGtags[i]', 1)
(-892, -905, 'DDGtags', 1)
(-892, -918, 'CDG', 1)
(-912, -916, 'DDGid', 1)
(-912, -892, 'CDG', 1)
(-892, -905, 'CDG', 1)
(-892, -905, 'DDGtags[i]', 1)
(-892, -912, 'CDG', 1)
(-912, -916, 'CDG', 1)
(-912, -918, 'DDGAV_CODEC_ID_NONE', 1)
(-887, -905, 'DDGtag', 1)
(-927, -936, 'CDG', 1)
(-927, -934, 'CDG', 1)
(-927, -936, 'DDG&tag', 1)
(-922, -927, 'DDGid', 1)
(-366, -922, 'AST', 1)
(-366, -887, 'AST', 1)
===========================
(-40, 0, 'D', 31, '538', 'oc = hls->avf')
(-443, -1, '-', 0, '-579', 'av_dict_copy(&st->metadata, s->streams[i]->metadata, 0)')
(-366, 1, '-', 0, '+569', 'if (!oc->oformat->codec_tag ||\\\\n            av_codec_get_id (oc->oformat->codec_tag, s->streams[i]->codecpar->codec_tag) == st->codecpar->codec_id ||\\\\n            av_codec_get_tag(oc->oformat->codec_tag, s->streams[i]->codecpar->codec_id) <= 0)')
(-190, 0, 'D', 1, '568', 'avcodec_parameters_copy(st->codecpar, s->streams[i]->codecpar)')
(-161, 0, 'D', 8, '561', 'if (s->streams[i]->codecpar->codec_type == AVMEDIA_TYPE_SUBTITLE)')
(-439, 1, '-', 0, '+578', 'st->time_base = s->streams[i]->time_base')
(-431, 1, '-', 0, '+574', 'st->codecpar->codec_tag = 0')
(-438, 1, '-', 0, '+577', 'st->sample_aspect_ratio = s->streams[i]->sample_aspect_ratio')
(-180, 0, 'C', 3, '566', 'if (!(st = avformat_new_stream(loc, NULL)))')
(-440, 1, '-', 0, '+579', 'av_dict_copy(&st->metadata, s->streams[i]->metadata, 0)')
(-429, 1, '-', 0, '+573', 'else')
(-414, 1, '-', 0, '+572', 'st->codecpar->codec_tag = s->streams[i]->codecpar->codec_tag')
(-442, -1, '-', 0, '-578', 'st->time_base = s->streams[i]->time_base')
(-441, -1, '-', 0, '-577', 'st->sample_aspect_ratio = s->streams[i]->sample_aspect_ratio')
(-887, 1, '-', 0, '+8', 'av_codec_get_id (const AVCodecTag *const *tags,unsigned int tag)')
(-916, 1, '-', 0, '+14', 'return id;')
(-905, 1, '-', 0, '+12', 'id = ff_codec_get_id(tags[i], tag)')
(-918, 1, '-', 0, '+16', 'return AV_CODEC_ID_NONE;')
(-912, 1, '-', 0, '+13', 'if (id != AV_CODEC_ID_NONE)')
(-892, 1, '-', 0, '+11', 'for (i = 0; tags && tags[i]; i++)')
(-922, 1, '-', 0, '+1', 'av_codec_get_tag (const AVCodecTag *const *tags,enum AVCodecID id)')
(-927, 1, '-', 0, '+4', 'if (!av_codec_get_tag2(tags, id, &tag))')
(-934, 1, '-', 0, '+5', 'return 0;')
(-936, 1, '-', 0, '+6', 'return tag;')
---------------------------
(-190, -442, 'DDG', -1)
(-443, -441, 'DDG', -1)
(-443, -161, 'DDG', -1)
(-161, -441, 'DDG', -1)
(-180, -443, 'CDG', -1)
(-443, -442, 'DDG', -1)
(-180, -441, 'CDG', -1)
(-161, -442, 'DDG', -1)
(-180, -443, 'DDG', -1)
(-161, -443, 'DDG', -1)
(-443, -190, 'DDG', -1)
(-190, -441, 'DDG', -1)
(-180, -442, 'CDG', -1)
(-190, -443, 'DDG', -1)
===========================
(-40, 0, 'D', 31, '538', 'oc = hls->avf')
(-443, -1, '-', 0, '-579', 'av_dict_copy(&st->metadata, s->streams[i]->metadata, 0)')
(-190, 0, 'D', 1, '568', 'avcodec_parameters_copy(st->codecpar, s->streams[i]->codecpar)')
(-161, 0, 'D', 8, '561', 'if (s->streams[i]->codecpar->codec_type == AVMEDIA_TYPE_SUBTITLE)')
(-180, 0, 'C', 3, '566', 'if (!(st = avformat_new_stream(loc, NULL)))')
(-442, -1, '-', 0, '-578', 'st->time_base = s->streams[i]->time_base')
(-441, -1, '-', 0, '-577', 'st->sample_aspect_ratio = s->streams[i]->sample_aspect_ratio')
---------------------------
(-366, -414, 'DDG', 1)
(-161, -438, 'DDG', 1)
(-440, -366, 'DDG', 1)
(-180, -440, 'CDG', 1)
(-180, -414, 'DDG', 1)
(-180, -439, 'CDG', 1)
(-440, -161, 'DDG', 1)
(-180, -438, 'CDG', 1)
(-161, -366, 'DDG', 1)
(-180, -440, 'DDG', 1)
(-366, -161, 'DDG', 1)
(-366, -431, 'CDG', 1)
(-161, -440, 'DDG', 1)
(-440, -438, 'DDG', 1)
(-161, -439, 'DDG', 1)
(-366, -161, 'DDG', 1)
(-190, -438, 'DDG', 1)
(-161, -414, 'DDG', 1)
(-190, -414, 'DDG', 1)
(-180, -431, 'DDG', 1)
(-366, -440, 'DDG', 1)
(-180, -366, 'CDG', 1)
(-440, -439, 'DDG', 1)
(-440, -190, 'DDG', 1)
(-190, -366, 'DDG', 1)
(-180, -366, 'DDG', 1)
(-366, -440, 'DDG', 1)
(-366, -414, 'CDG', 1)
(-366, -190, 'DDG', 1)
(-366, -438, 'DDG', 1)
(-190, -440, 'DDG', 1)
(-440, -414, 'DDG', 1)
(-190, -439, 'DDG', 1)
(-366, -439, 'DDG', 1)
(-40, -366, 'DDG', 1)
(-366, -190, 'DDG', 1)
(-366, -438, 'DDG', 1)
(-366, -414, 'DDG', 1)
(-366, -439, 'DDG', 1)
(-905, -912, 'DDGid', 1)
(-905, -892, 'DDGtags[i]', 1)
(-892, -905, 'DDGtags', 1)
(-892, -918, 'CDG', 1)
(-912, -916, 'DDGid', 1)
(-912, -892, 'CDG', 1)
(-892, -905, 'CDG', 1)
(-892, -905, 'DDGtags[i]', 1)
(-892, -912, 'CDG', 1)
(-912, -916, 'CDG', 1)
(-912, -918, 'DDGAV_CODEC_ID_NONE', 1)
(-887, -905, 'DDGtag', 1)
(-927, -936, 'CDG', 1)
(-927, -934, 'CDG', 1)
(-927, -936, 'DDG&tag', 1)
(-922, -927, 'DDGid', 1)
(-366, -922, 'AST', 1)
(-366, -887, 'AST', 1)
===========================
(-40, 0, 'D', 31, '538', 'oc = hls->avf')
(-366, 1, '-', 0, '+569', 'if (!oc->oformat->codec_tag ||\\\\n            av_codec_get_id (oc->oformat->codec_tag, s->streams[i]->codecpar->codec_tag) == st->codecpar->codec_id ||\\\\n            av_codec_get_tag(oc->oformat->codec_tag, s->streams[i]->codecpar->codec_id) <= 0)')
(-190, 0, 'D', 1, '568', 'avcodec_parameters_copy(st->codecpar, s->streams[i]->codecpar)')
(-161, 0, 'D', 8, '561', 'if (s->streams[i]->codecpar->codec_type == AVMEDIA_TYPE_SUBTITLE)')
(-439, 1, '-', 0, '+578', 'st->time_base = s->streams[i]->time_base')
(-431, 1, '-', 0, '+574', 'st->codecpar->codec_tag = 0')
(-438, 1, '-', 0, '+577', 'st->sample_aspect_ratio = s->streams[i]->sample_aspect_ratio')
(-180, 0, 'C', 3, '566', 'if (!(st = avformat_new_stream(loc, NULL)))')
(-440, 1, '-', 0, '+579', 'av_dict_copy(&st->metadata, s->streams[i]->metadata, 0)')
(-429, 1, '-', 0, '+573', 'else')
(-414, 1, '-', 0, '+572', 'st->codecpar->codec_tag = s->streams[i]->codecpar->codec_tag')
(-887, 1, '-', 0, '+8', 'av_codec_get_id (const AVCodecTag *const *tags,unsigned int tag)')
(-916, 1, '-', 0, '+14', 'return id;')
(-905, 1, '-', 0, '+12', 'id = ff_codec_get_id(tags[i], tag)')
(-918, 1, '-', 0, '+16', 'return AV_CODEC_ID_NONE;')
(-912, 1, '-', 0, '+13', 'if (id != AV_CODEC_ID_NONE)')
(-892, 1, '-', 0, '+11', 'for (i = 0; tags && tags[i]; i++)')
(-922, 1, '-', 0, '+1', 'av_codec_get_tag (const AVCodecTag *const *tags,enum AVCodecID id)')
(-927, 1, '-', 0, '+4', 'if (!av_codec_get_tag2(tags, id, &tag))')
(-934, 1, '-', 0, '+5', 'return 0;')
(-936, 1, '-', 0, '+6', 'return tag;')
