(-366, -414, 'DDGs->streams[i]->codecpar->codec_id', 1)
(-161, -438, 'DDGs->streams[i]->codecpar->codec_type', 1)
(-190, -442, 'DDGs->streams[i]->codecpar', -1)
(-440, -366, 'DDGs->streams[i]->metadata', 1)
(-180, -440, 'CDG', 1)
(-443, -441, 'DDGs->streams[i]->metadata', -1)
(-180, -414, 'DDGst', 1)
(-180, -439, 'CDG', 1)
(-443, -161, 'DDGs->streams[i]->metadata', -1)
(-440, -161, 'DDGs->streams[i]->metadata', 1)
(-180, -438, 'CDG', 1)
(-161, -366, 'DDGs->streams[i]->codecpar->codec_type', 1)
(-161, -441, 'DDGs->streams[i]->codecpar->codec_type', -1)
(-180, -440, 'DDGst', 1)
(-366, -161, 'DDGs->streams[i]->codecpar->codec_tag', 1)
(-366, -431, 'CDG', 1)
(-180, -443, 'CDG', -1)
(-443, -442, 'DDGs->streams[i]->metadata', -1)
(-180, -441, 'CDG', -1)
(-161, -440, 'DDGs->streams[i]->codecpar->codec_type', 1)
(-440, -438, 'DDGs->streams[i]->metadata', 1)
(-161, -439, 'DDGs->streams[i]->codecpar->codec_type', 1)
(-366, -161, 'DDGs->streams[i]->codecpar->codec_id', 1)
(-190, -438, 'DDGs->streams[i]->codecpar', 1)
(-161, -414, 'DDGs->streams[i]->codecpar->codec_type', 1)
(-161, -442, 'DDGs->streams[i]->codecpar->codec_type', -1)
(-190, -414, 'DDGs->streams[i]->codecpar', 1)
(-180, -431, 'DDGst', 1)
(-180, -443, 'DDGst', -1)
(-161, -443, 'DDGs->streams[i]->codecpar->codec_type', -1)
(-366, -440, 'DDGs->streams[i]->codecpar->codec_tag', 1)
(-180, -366, 'CDG', 1)
(-440, -439, 'DDGs->streams[i]->metadata', 1)
(-443, -190, 'DDGs->streams[i]->metadata', -1)
(-440, -190, 'DDGs->streams[i]->metadata', 1)
(-190, -366, 'DDGs->streams[i]->codecpar', 1)
(-180, -366, 'DDGst', 1)
(-190, -441, 'DDGs->streams[i]->codecpar', -1)
(-180, -442, 'CDG', -1)
(-366, -440, 'DDGs->streams[i]->codecpar->codec_id', 1)
(-366, -414, 'CDG', 1)
(-366, -190, 'DDGs->streams[i]->codecpar->codec_tag', 1)
(-366, -438, 'DDGs->streams[i]->codecpar->codec_tag', 1)
(-190, -440, 'DDGs->streams[i]->codecpar', 1)
(-440, -414, 'DDGs->streams[i]->metadata', 1)
(-190, -439, 'DDGs->streams[i]->codecpar', 1)
(-366, -439, 'DDGs->streams[i]->codecpar->codec_tag', 1)
(-40, -366, 'DDGoc', 1)
(-366, -190, 'DDGs->streams[i]->codecpar->codec_id', 1)
(-366, -438, 'DDGs->streams[i]->codecpar->codec_id', 1)
(-366, -414, 'DDGs->streams[i]->codecpar->codec_tag', 1)
(-366, -439, 'DDGs->streams[i]->codecpar->codec_id', 1)
(-190, -443, 'DDGs->streams[i]->codecpar', -1)
===========================
(-40, 0, 'D', 31, '538', 'oc = hls->avf')
(-443, -1, '-', 0, '-579', 'av_dict_copy(&st->metadata, s->streams[i]->metadata, 0)')
(-366, 1, '-', 0, '+569', 'if (!oc->oformat->codec_tag ||\\n            av_codec_get_id (oc->oformat->codec_tag, s->streams[i]->codecpar->codec_tag) == st->codecpar->codec_id ||\\n            av_codec_get_tag(oc->oformat->codec_tag, s->streams[i]->codecpar->codec_id) <= 0)')
(-190, 0, 'D', 1, '568', 'avcodec_parameters_copy(st->codecpar, s->streams[i]->codecpar)')
(-161, 0, 'D', 8, '561', 'if (s->streams[i]->codecpar->codec_type == AVMEDIA_TYPE_SUBTITLE)')
(-439, 1, '-', 0, '+578', 'st->time_base = s->streams[i]->time_base')
(-431, 1, '-', 0, '+574', 'st->codecpar->codec_tag = 0')
(-438, 1, '-', 0, '+577', 'st->sample_aspect_ratio = s->streams[i]->sample_aspect_ratio')
(-180, 0, 'C', 3, '566', 'if (!(st = avformat_new_stream(loc, NULL)))')
(-440, 1, '-', 0, '+579', 'av_dict_copy(&st->metadata, s->streams[i]->metadata, 0)')
(-429, 1, '-', 0, '+573', 'else')
(-414, 1, '-', 0, '+572', 'st->codecpar->codec_tag = s->streams[i]->codecpar->codec_tag')
(-442, -1, '-', 0, '-578', 'st->time_base = s->streams[i]->time_base')
(-441, -1, '-', 0, '-577', 'st->sample_aspect_ratio = s->streams[i]->sample_aspect_ratio')
---------------------------
(-190, -442, 'DDGs->streams[i]->codecpar', -1)
(-443, -441, 'DDGs->streams[i]->metadata', -1)
(-443, -161, 'DDGs->streams[i]->metadata', -1)
(-161, -441, 'DDGs->streams[i]->codecpar->codec_type', -1)
(-180, -443, 'CDG', -1)
(-443, -442, 'DDGs->streams[i]->metadata', -1)
(-180, -441, 'CDG', -1)
(-161, -442, 'DDGs->streams[i]->codecpar->codec_type', -1)
(-180, -443, 'DDGst', -1)
(-161, -443, 'DDGs->streams[i]->codecpar->codec_type', -1)
(-443, -190, 'DDGs->streams[i]->metadata', -1)
(-190, -441, 'DDGs->streams[i]->codecpar', -1)
(-180, -442, 'CDG', -1)
(-190, -443, 'DDGs->streams[i]->codecpar', -1)
===========================
(-40, 0, 'D', 31, '538', 'oc = hls->avf')
(-443, -1, '-', 0, '-579', 'av_dict_copy(&st->metadata, s->streams[i]->metadata, 0)')
(-190, 0, 'D', 1, '568', 'avcodec_parameters_copy(st->codecpar, s->streams[i]->codecpar)')
(-161, 0, 'D', 8, '561', 'if (s->streams[i]->codecpar->codec_type == AVMEDIA_TYPE_SUBTITLE)')
(-180, 0, 'C', 3, '566', 'if (!(st = avformat_new_stream(loc, NULL)))')
(-442, -1, '-', 0, '-578', 'st->time_base = s->streams[i]->time_base')
(-441, -1, '-', 0, '-577', 'st->sample_aspect_ratio = s->streams[i]->sample_aspect_ratio')
---------------------------
(-366, -414, 'DDGs->streams[i]->codecpar->codec_id', 1)
(-161, -438, 'DDGs->streams[i]->codecpar->codec_type', 1)
(-440, -366, 'DDGs->streams[i]->metadata', 1)
(-180, -440, 'CDG', 1)
(-180, -414, 'DDGst', 1)
(-180, -439, 'CDG', 1)
(-440, -161, 'DDGs->streams[i]->metadata', 1)
(-180, -438, 'CDG', 1)
(-161, -366, 'DDGs->streams[i]->codecpar->codec_type', 1)
(-180, -440, 'DDGst', 1)
(-366, -161, 'DDGs->streams[i]->codecpar->codec_tag', 1)
(-366, -431, 'CDG', 1)
(-161, -440, 'DDGs->streams[i]->codecpar->codec_type', 1)
(-440, -438, 'DDGs->streams[i]->metadata', 1)
(-161, -439, 'DDGs->streams[i]->codecpar->codec_type', 1)
(-366, -161, 'DDGs->streams[i]->codecpar->codec_id', 1)
(-190, -438, 'DDGs->streams[i]->codecpar', 1)
(-161, -414, 'DDGs->streams[i]->codecpar->codec_type', 1)
(-190, -414, 'DDGs->streams[i]->codecpar', 1)
(-180, -431, 'DDGst', 1)
(-366, -440, 'DDGs->streams[i]->codecpar->codec_tag', 1)
(-180, -366, 'CDG', 1)
(-440, -439, 'DDGs->streams[i]->metadata', 1)
(-440, -190, 'DDGs->streams[i]->metadata', 1)
(-190, -366, 'DDGs->streams[i]->codecpar', 1)
(-180, -366, 'DDGst', 1)
(-366, -440, 'DDGs->streams[i]->codecpar->codec_id', 1)
(-366, -414, 'CDG', 1)
(-366, -190, 'DDGs->streams[i]->codecpar->codec_tag', 1)
(-366, -438, 'DDGs->streams[i]->codecpar->codec_tag', 1)
(-190, -440, 'DDGs->streams[i]->codecpar', 1)
(-440, -414, 'DDGs->streams[i]->metadata', 1)
(-190, -439, 'DDGs->streams[i]->codecpar', 1)
(-366, -439, 'DDGs->streams[i]->codecpar->codec_tag', 1)
(-40, -366, 'DDGoc', 1)
(-366, -190, 'DDGs->streams[i]->codecpar->codec_id', 1)
(-366, -438, 'DDGs->streams[i]->codecpar->codec_id', 1)
(-366, -414, 'DDGs->streams[i]->codecpar->codec_tag', 1)
(-366, -439, 'DDGs->streams[i]->codecpar->codec_id', 1)
===========================
(-40, 0, 'D', 31, '538', 'oc = hls->avf')
(-366, 1, '-', 0, '+569', 'if (!oc->oformat->codec_tag ||\\n            av_codec_get_id (oc->oformat->codec_tag, s->streams[i]->codecpar->codec_tag) == st->codecpar->codec_id ||\\n            av_codec_get_tag(oc->oformat->codec_tag, s->streams[i]->codecpar->codec_id) <= 0)')
(-190, 0, 'D', 1, '568', 'avcodec_parameters_copy(st->codecpar, s->streams[i]->codecpar)')
(-161, 0, 'D', 8, '561', 'if (s->streams[i]->codecpar->codec_type == AVMEDIA_TYPE_SUBTITLE)')
(-439, 1, '-', 0, '+578', 'st->time_base = s->streams[i]->time_base')
(-431, 1, '-', 0, '+574', 'st->codecpar->codec_tag = 0')
(-438, 1, '-', 0, '+577', 'st->sample_aspect_ratio = s->streams[i]->sample_aspect_ratio')
(-180, 0, 'C', 3, '566', 'if (!(st = avformat_new_stream(loc, NULL)))')
(-440, 1, '-', 0, '+579', 'av_dict_copy(&st->metadata, s->streams[i]->metadata, 0)')
(-429, 1, '-', 0, '+573', 'else')
(-414, 1, '-', 0, '+572', 'st->codecpar->codec_tag = s->streams[i]->codecpar->codec_tag')
