(-15, -20, 'DDGsrc0', 1)
(-15, -39, 'DDGBUF_SIZE', 1)
(-12, -15, 'DDGBUF_SIZE', 1)
(-12, -25, 'DDGBUF_SIZE', 1)
(-25, -38, 'CDG', 1)
(-15, -39, 'DDGsrc1', 1)
(-12, -39, 'DDGsrc1', 1)
(-25, -39, 'DDGBUF_SIZE', 1)
(-5, -25, 'DDGBUF_SIZE', 1)
(-5, -39, 'DDGsrc0', 1)
(-5, -20, 'DDGBUF_SIZE', 1)
(-12, -15, 'DDGsrc1', 1)
(-15, -20, 'DDGBUF_SIZE', 1)
(-20, -39, 'DDGsrc0', 1)
(-5, -15, 'DDGsrc0', 1)
(-15, -20, 'DDGsrc1', 1)
(-25, -39, 'DDGdst1', 1)
(-20, -25, 'DDGBUF_SIZE', 1)
(-5, -39, 'DDGBUF_SIZE', 1)
(-12, -20, 'DDGBUF_SIZE', 1)
(-15, -25, 'DDGdst0', 1)
(-20, -39, 'DDGBUF_SIZE', 1)
(-5, -15, 'DDGBUF_SIZE', 1)
(-20, -25, 'DDGdst1', 1)
(-20, -39, 'DDGsrc1', 1)
(-12, -20, 'DDGsrc1', 1)
(-15, -39, 'DDGsrc0', 1)
(-20, -39, 'DDGdst1', 1)
(-5, -12, 'DDGBUF_SIZE', 1)
(-15, -25, 'DDGBUF_SIZE', 1)
(-5, -20, 'DDGsrc0', 1)
(-12, -39, 'DDGBUF_SIZE', 1)
(-5, -25, 'DDGBUF_SIZE * 2', 1)
(-65, -72, 'DDGBUF_SIZE', 1)
(-81, -107, 'DDGfilter', 1)
(-81, -87, 'DDGN', 1)
(-72, -93, 'DDGBUF_SIZE', 1)
(-49, -87, 'DDGin', 1)
(-72, -107, 'DDGdst1', 1)
(-87, -107, 'DDGfilter', 1)
(-81, -87, 'DDGin', 1)
(-65, -93, 'DDGBUF_SIZE * 2', 1)
(-72, -93, 'DDGdst1', 1)
(-65, -93, 'DDGdst0', 1)
(-56, -81, 'DDGN', 1)
(-81, -87, 'DDGfilter', 1)
(-87, -93, 'DDGdst1', 1)
(-56, -107, 'DDGfilter', 1)
(-56, -87, 'DDGN', 1)
(-93, -107, 'DDGdst1', 1)
(-81, -107, 'DDGSTRIDE', 1)
(-93, -106, 'CDG', 1)
(-87, -107, 'DDGdst1', 1)
(-87, -107, 'DDGSTRIDE', 1)
(-49, -81, 'DDGin', 1)
(-65, -93, 'DDGBUF_SIZE', 1)
(-56, -81, 'DDGfilter', 1)
(-81, -93, 'DDGdst0', 1)
(-56, -87, 'DDGfilter', 1)
(-72, -93, 'DDGdst0', 1)
(-81, -107, 'DDGN', 1)
(-81, -87, 'DDGSTRIDE', 1)
(-72, -87, 'DDGdst1', 1)
(-49, -107, 'DDGin', 1)
(-87, -107, 'DDGN', 1)
(-65, -72, 'DDGdst0', 1)
(-81, -107, 'DDGin', 1)
(-72, -81, 'DDGdst0', 1)
(-56, -107, 'DDGN', 1)
(-65, -81, 'DDGdst0', 1)
(-87, -107, 'DDGin', 1)
(-174, -212, 'DDGBUF_SIZE', 1)
(-254, -174, 'DDG2 * sizeof(INTFLOAT)', 1)
(-183, -263, 'DDGr1', 1)
(-174, -263, 'DDGBUF_SIZE', 1)
(-156, -254, 'DDGBUF_SIZE * 2 * sizeof(INTFLOAT)', 1)
(-254, -165, 'DDGsizeof(INTFLOAT)', 1)
(-126, -183, 'DDGr', 1)
(-165, -174, 'DDG2 * sizeof(INTFLOAT)', 1)
(-126, -165, 'DDGBUF_SIZE', 1)
(-156, -212, 'DDGBUF_SIZE', 1)
(-165, -245, 'DDGBUF_SIZE * 2 * sizeof(INTFLOAT)', 1)
(-212, -254, 'DDGr1', 1)
(-143, -212, 'CDG', 1)
(-245, -206, 'DDGBUF_SIZE', 1)
(-174, -165, 'DDG2 * sizeof(INTFLOAT)', 1)
(-263, -156, 'DDGBUF_SIZE', 1)
(-183, -245, 'DDGBUF_SIZE * 2 * sizeof(INTFLOAT)', 1)
(-218, -245, 'DDGl1', 1)
(-263, -212, 'DDGh', 1)
(-165, -218, 'DDGBUF_SIZE', 1)
(-254, -218, 'DDGr1', 1)
(-183, -156, 'DDGBUF_SIZE * 2 * sizeof(INTFLOAT)', 1)
(-183, -218, 'DDGBUF_SIZE', 1)
(-165, -156, 'DDGsizeof(INTFLOAT)', 1)
(-254, -165, 'DDG2 * sizeof(INTFLOAT)', 1)
(-156, -245, 'DDG2 * sizeof(INTFLOAT)', 1)
(-183, -165, 'DDGBUF_SIZE * 2 * sizeof(INTFLOAT)', 1)
(-245, -263, 'DDGl1', 1)
(-126, -156, 'DDGBUF_SIZE', 1)
(-119, -245, 'DDGBUF_SIZE', 1)
(-119, -218, 'DDGBUF_SIZE * 2', 1)
(-245, -254, 'DDGBUF_SIZE * 2 * sizeof(INTFLOAT)', 1)
(-218, -174, 'DDGr0', 1)
(-245, -165, 'DDGBUF_SIZE * 2 * sizeof(INTFLOAT)', 1)
(-245, -156, 'DDGsizeof(INTFLOAT)', 1)
(-254, -183, 'DDGsizeof(INTFLOAT)', 1)
(-212, -183, 'DDGr1', 1)
(-183, -174, 'DDGBUF_SIZE * 2 * sizeof(INTFLOAT)', 1)
(-174, -245, 'DDGBUF_SIZE', 1)
(-183, -156, 'DDGsizeof(INTFLOAT)', 1)
(-165, -156, 'DDG2 * sizeof(INTFLOAT)', 1)
(-254, -183, 'DDGr1', 1)
(-165, -183, 'DDGBUF_SIZE', 1)
(-119, -165, 'DDGBUF_SIZE', 1)
(-218, -183, 'DDGr1', 1)
(-156, -254, 'DDG2 * sizeof(INTFLOAT)', 1)
(-183, -165, 'DDGsizeof(INTFLOAT)', 1)
(-165, -183, 'DDG2 * sizeof(INTFLOAT)', 1)
(-263, -254, 'DDGBUF_SIZE', 1)
(-218, -263, 'DDGr1', 1)
(-245, -254, 'DDGsizeof(INTFLOAT)', 1)
(-183, -212, 'DDGBUF_SIZE', 1)
(-254, -263, 'DDGr1', 1)
(-165, -263, 'DDGBUF_SIZE', 1)
(-156, -174, 'DDG2 * sizeof(INTFLOAT)', 1)
(-183, -263, 'DDGBUF_SIZE', 1)
(-115, -143, 'DDGpsdsp', 1)
(-206, -174, 'DDGr0', 1)
(-254, -156, 'DDGBUF_SIZE * 2 * sizeof(INTFLOAT)', 1)
(-263, -218, 'DDGBUF_SIZE', 1)
(-218, -165, 'DDGl1', 1)
(-218, -206, 'DDGl0', 1)
(-183, -165, 'DDG2 * sizeof(INTFLOAT)', 1)
(-245, -174, 'DDGsizeof(INTFLOAT)', 1)
(-212, -218, 'DDGl1', 1)
(-119, -245, 'DDGl', 1)
(-254, -183, 'DDG2 * sizeof(INTFLOAT)', 1)
(-126, -218, 'DDGBUF_SIZE', 1)
(-192, -212, 'DDGh', 1)
(-183, -245, 'DDG2 * sizeof(INTFLOAT)', 1)
(-245, -156, 'DDG2 * sizeof(INTFLOAT)', 1)
(-174, -254, 'DDGBUF_SIZE', 1)
(-212, -263, 'DDGl1', 1)
(-212, -206, 'DDGBUF_SIZE', 1)
(-156, -254, 'DDGBUF_SIZE', 1)
(-183, -156, 'DDG2 * sizeof(INTFLOAT)', 1)
(-245, -183, 'DDGBUF_SIZE * 2 * sizeof(INTFLOAT)', 1)
(-263, -212, 'DDGr1', 1)
(-119, -218, 'DDGBUF_SIZE', 1)
(-206, -218, 'DDGr0', 1)
(-165, -245, 'DDGBUF_SIZE', 1)
(-183, -245, 'DDGBUF_SIZE', 1)
(-245, -165, 'DDG2 * sizeof(INTFLOAT)', 1)
(-174, -156, 'DDGBUF_SIZE', 1)
(-165, -156, 'DDGBUF_SIZE * 2 * sizeof(INTFLOAT)', 1)
(-245, -254, 'DDG2 * sizeof(INTFLOAT)', 1)
(-156, -183, 'DDG2 * sizeof(INTFLOAT)', 1)
(-245, -212, 'DDGBUF_SIZE', 1)
(-263, -183, 'DDGBUF_SIZE', 1)
(-183, -174, 'DDG2 * sizeof(INTFLOAT)', 1)
(-218, -263, 'DDGBUF_SIZE', 1)
(-245, -183, 'DDGsizeof(INTFLOAT)', 1)
(-174, -183, 'DDGBUF_SIZE', 1)
(-218, -206, 'DDGBUF_SIZE', 1)
(-156, -183, 'DDGBUF_SIZE', 1)
(-174, -254, 'DDGr', 1)
(-245, -165, 'DDGBUF_SIZE', 1)
(-143, -183, 'CDG', 1)
(-212, -165, 'DDGl1', 1)
(-119, -156, 'DDGBUF_SIZE', 1)
(-254, -156, 'DDG2 * sizeof(INTFLOAT)', 1)
(-156, -263, 'DDGBUF_SIZE', 1)
(-218, -212, 'DDGBUF_SIZE', 1)
(-174, -218, 'DDGr0', 1)
(-212, -263, 'DDGh', 1)
(-165, -254, 'DDGBUF_SIZE', 1)
(-254, -183, 'DDGBUF_SIZE * 2 * sizeof(INTFLOAT)', 1)
(-254, -245, 'DDGBUF_SIZE', 1)
(-119, -156, 'DDGl', 1)
(-156, -165, 'DDG2 * sizeof(INTFLOAT)', 1)
(-183, -254, 'DDGBUF_SIZE', 1)
(-206, -254, 'DDGBUF_SIZE', 1)
(-212, -192, 'DDGh', 1)
(-254, -156, 'DDGBUF_SIZE', 1)
(-263, -212, 'DDGBUF_SIZE', 1)
(-212, -218, 'DDGr1', 1)
(-263, -245, 'DDGl1', 1)
(-165, -174, 'DDGBUF_SIZE', 1)
(-183, -174, 'DDGBUF_SIZE', 1)
(-245, -183, 'DDG2 * sizeof(INTFLOAT)', 1)
(-263, -165, 'DDGl1', 1)
(-165, -212, 'DDGl1', 1)
(-218, -254, 'DDGr1', 1)
(-263, -212, 'DDGh_step', 1)
(-254, -174, 'DDGBUF_SIZE', 1)
(-156, -245, 'DDGBUF_SIZE', 1)
(-245, -174, 'DDGBUF_SIZE * 2 * sizeof(INTFLOAT)', 1)
(-183, -206, 'DDGBUF_SIZE', 1)
(-174, -206, 'DDGBUF_SIZE', 1)
(-143, -245, 'CDG', 1)
(-174, -156, 'DDGsizeof(INTFLOAT)', 1)
(-174, -183, 'DDGr', 1)
(-174, -165, 'DDGBUF_SIZE', 1)
(-143, -156, 'CDG', 1)
(-156, -165, 'DDGBUF_SIZE', 1)
(-119, -165, 'DDGl', 1)
(-263, -206, 'DDGBUF_SIZE', 1)
(-218, -206, 'DDGr0', 1)
(-165, -156, 'DDGBUF_SIZE', 1)
(-183, -174, 'DDGr', 1)
(-212, -263, 'DDGr1', 1)
(-245, -263, 'DDGBUF_SIZE', 1)
(-212, -254, 'DDGBUF_SIZE', 1)
(-263, -218, 'DDGl1', 1)
(-254, -165, 'DDGBUF_SIZE', 1)
(-156, -165, 'DDGl', 1)
(-254, -218, 'DDGBUF_SIZE', 1)
(-199, -206, 'DDGh_step', 1)
(-245, -156, 'DDGBUF_SIZE', 1)
(-143, -174, 'CDG', 1)
(-263, -206, 'DDGh_step', 1)
(-126, -206, 'DDGBUF_SIZE', 1)
(-183, -254, 'DDGr', 1)
(-212, -174, 'DDGBUF_SIZE', 1)
(-218, -174, 'DDGBUF_SIZE', 1)
(-119, -126, 'DDGBUF_SIZE', 1)
(-156, -218, 'DDGl0', 1)
(-206, -212, 'DDGh_step', 1)
(-192, -263, 'DDGh', 1)
(-206, -212, 'DDGBUF_SIZE', 1)
(-156, -245, 'DDGl', 1)
(-165, -254, 'DDGsizeof(INTFLOAT)', 1)
(-143, -254, 'CDG', 1)
(-218, -254, 'DDGBUF_SIZE', 1)
(-212, -183, 'DDGBUF_SIZE', 1)
(-206, -263, 'DDGh', 1)
(-126, -212, 'DDGBUF_SIZE', 1)
(-254, -183, 'DDGBUF_SIZE', 1)
(-126, -263, 'DDGBUF_SIZE', 1)
(-156, -174, 'DDGBUF_SIZE', 1)
(-212, -206, 'DDGh', 1)
(-156, -218, 'DDGBUF_SIZE', 1)
(-254, -174, 'DDGr', 1)
(-143, -218, 'CDG', 1)
(-183, -165, 'DDGBUF_SIZE', 1)
(-206, -156, 'DDGl0', 1)
(-254, -263, 'DDGBUF_SIZE', 1)
(-174, -254, 'DDGBUF_SIZE * 2 * sizeof(INTFLOAT)', 1)
(-245, -174, 'DDG2 * sizeof(INTFLOAT)', 1)
(-119, -206, 'DDGBUF_SIZE', 1)
(-174, -206, 'DDGr0', 1)
(-245, -156, 'DDGl', 1)
(-212, -199, 'DDGh_step', 1)
(-212, -263, 'DDGBUF_SIZE', 1)
(-174, -245, 'DDGsizeof(INTFLOAT)', 1)
(-218, -183, 'DDGBUF_SIZE', 1)
(-206, -192, 'DDGh', 1)
(-165, -218, 'DDGl1', 1)
(-165, -183, 'DDGsizeof(INTFLOAT)', 1)
(-206, -245, 'DDGBUF_SIZE', 1)
(-174, -156, 'DDGBUF_SIZE * 2 * sizeof(INTFLOAT)', 1)
(-183, -156, 'DDGBUF_SIZE', 1)
(-206, -174, 'DDGBUF_SIZE', 1)
(-206, -218, 'DDGl0', 1)
(-165, -245, 'DDGl', 1)
(-119, -212, 'DDGBUF_SIZE', 1)
(-174, -254, 'DDGsizeof(INTFLOAT)', 1)
(-263, -254, 'DDGr1', 1)
(-212, -263, 'DDGh_step', 1)
(-183, -212, 'DDGr1', 1)
(-245, -254, 'DDGBUF_SIZE', 1)
(-119, -126, 'DDGBUF_SIZE * 2', 1)
(-212, -245, 'DDGBUF_SIZE', 1)
(-143, -263, 'CDG', 1)
(-245, -218, 'DDGBUF_SIZE', 1)
(-263, -218, 'DDGr1', 1)
(-143, -199, 'CDG', 1)
(-156, -174, 'DDGsizeof(INTFLOAT)', 1)
(-245, -174, 'DDGBUF_SIZE', 1)
(-212, -165, 'DDGBUF_SIZE', 1)
(-218, -156, 'DDGl0', 1)
(-254, -183, 'DDGr', 1)
(-245, -165, 'DDGl', 1)
(-165, -263, 'DDGl1', 1)
(-263, -192, 'DDGh', 1)
(-165, -254, 'DDGBUF_SIZE * 2 * sizeof(INTFLOAT)', 1)
(-254, -245, 'DDGBUF_SIZE * 2 * sizeof(INTFLOAT)', 1)
(-156, -254, 'DDGsizeof(INTFLOAT)', 1)
(-174, -183, 'DDGBUF_SIZE * 2 * sizeof(INTFLOAT)', 1)
(-192, -206, 'DDGh', 1)
(-245, -183, 'DDGBUF_SIZE', 1)
(-218, -245, 'DDGBUF_SIZE', 1)
(-263, -183, 'DDGr1', 1)
(-143, -192, 'CDG', 1)
(-206, -183, 'DDGBUF_SIZE', 1)
(-156, -183, 'DDGBUF_SIZE * 2 * sizeof(INTFLOAT)', 1)
(-183, -245, 'DDGsizeof(INTFLOAT)', 1)
(-165, -206, 'DDGBUF_SIZE', 1)
(-126, -254, 'DDGBUF_SIZE', 1)
(-165, -174, 'DDGBUF_SIZE * 2 * sizeof(INTFLOAT)', 1)
(-218, -156, 'DDGBUF_SIZE', 1)
(-206, -218, 'DDGBUF_SIZE', 1)
(-174, -254, 'DDG2 * sizeof(INTFLOAT)', 1)
(-143, -165, 'CDG', 1)
(-263, -245, 'DDGBUF_SIZE', 1)
(-254, -212, 'DDGr1', 1)
(-254, -245, 'DDGsizeof(INTFLOAT)', 1)
(-206, -263, 'DDGh_step', 1)
(-126, -174, 'DDGBUF_SIZE', 1)
(-174, -183, 'DDGsizeof(INTFLOAT)', 1)
(-206, -199, 'DDGh_step', 1)
(-254, -206, 'DDGBUF_SIZE', 1)
(-165, -245, 'DDGsizeof(INTFLOAT)', 1)
(-206, -263, 'DDGBUF_SIZE', 1)
(-263, -165, 'DDGBUF_SIZE', 1)
(-165, -212, 'DDGBUF_SIZE', 1)
(-183, -254, 'DDGBUF_SIZE * 2 * sizeof(INTFLOAT)', 1)
(-218, -244, 'CDG', 1)
(-156, -183, 'DDGsizeof(INTFLOAT)', 1)
(-165, -245, 'DDGl1', 1)
(-119, -174, 'DDGBUF_SIZE', 1)
(-218, -165, 'DDGBUF_SIZE', 1)
(-212, -218, 'DDGBUF_SIZE', 1)
(-183, -174, 'DDGsizeof(INTFLOAT)', 1)
(-174, -165, 'DDGBUF_SIZE * 2 * sizeof(INTFLOAT)', 1)
(-183, -218, 'DDGr1', 1)
(-156, -165, 'DDGBUF_SIZE * 2 * sizeof(INTFLOAT)', 1)
(-206, -165, 'DDGBUF_SIZE', 1)
(-174, -183, 'DDG2 * sizeof(INTFLOAT)', 1)
(-263, -174, 'DDGBUF_SIZE', 1)
(-165, -245, 'DDG2 * sizeof(INTFLOAT)', 1)
(-119, -254, 'DDGBUF_SIZE', 1)
(-263, -206, 'DDGh', 1)
(-183, -254, 'DDGsizeof(INTFLOAT)', 1)
(-174, -156, 'DDG2 * sizeof(INTFLOAT)', 1)
(-174, -245, 'DDGBUF_SIZE * 2 * sizeof(INTFLOAT)', 1)
(-218, -212, 'DDGr1', 1)
(-245, -165, 'DDGsizeof(INTFLOAT)', 1)
(-206, -212, 'DDGh', 1)
(-165, -183, 'DDGBUF_SIZE * 2 * sizeof(INTFLOAT)', 1)
(-165, -174, 'DDGsizeof(INTFLOAT)', 1)
(-254, -174, 'DDGBUF_SIZE * 2 * sizeof(INTFLOAT)', 1)
(-183, -254, 'DDGr1', 1)
(-245, -165, 'DDGl1', 1)
(-156, -245, 'DDGBUF_SIZE * 2 * sizeof(INTFLOAT)', 1)
(-254, -156, 'DDGsizeof(INTFLOAT)', 1)
(-126, -174, 'DDGr', 1)
(-165, -156, 'DDGl', 1)
(-174, -165, 'DDGsizeof(INTFLOAT)', 1)
(-174, -218, 'DDGBUF_SIZE', 1)
(-133, -143, 'CDG', 1)
(-199, -263, 'DDGh_step', 1)
(-156, -206, 'DDGl0', 1)
(-156, -165, 'DDGsizeof(INTFLOAT)', 1)
(-206, -156, 'DDGBUF_SIZE', 1)
(-245, -212, 'DDGl1', 1)
(-126, -183, 'DDGBUF_SIZE', 1)
(-263, -199, 'DDGh_step', 1)
(-212, -156, 'DDGBUF_SIZE', 1)
(-183, -254, 'DDG2 * sizeof(INTFLOAT)', 1)
(-218, -212, 'DDGl1', 1)
(-254, -212, 'DDGBUF_SIZE', 1)
(-126, -254, 'DDGr', 1)
(-218, -263, 'DDGl1', 1)
(-119, -183, 'DDGBUF_SIZE', 1)
(-254, -174, 'DDGsizeof(INTFLOAT)', 1)
(-254, -165, 'DDGBUF_SIZE * 2 * sizeof(INTFLOAT)', 1)
(-212, -206, 'DDGh_step', 1)
(-156, -245, 'DDGsizeof(INTFLOAT)', 1)
(-212, -245, 'DDGl1', 1)
(-263, -212, 'DDGl1', 1)
(-156, -206, 'DDGBUF_SIZE', 1)
(-245, -218, 'DDGl1', 1)
(-199, -212, 'DDGh_step', 1)
(-156, -174, 'DDGBUF_SIZE * 2 * sizeof(INTFLOAT)', 1)
(-143, -206, 'CDG', 1)
(-245, -156, 'DDGBUF_SIZE * 2 * sizeof(INTFLOAT)', 1)
(-165, -254, 'DDG2 * sizeof(INTFLOAT)', 1)
(-126, -245, 'DDGBUF_SIZE', 1)
(-126, -218, 'DDGBUF_SIZE * 2', 1)
(-254, -245, 'DDG2 * sizeof(INTFLOAT)', 1)
(-119, -263, 'DDGBUF_SIZE', 1)
(-174, -245, 'DDG2 * sizeof(INTFLOAT)', 1)
(-291, -295, 'DDGBUF_SIZE', 1)
(-295, -299, 'DDGdst1', 1)
(-295, -307, 'DDGBUF_SIZE', 1)
(-291, -299, 'DDGdst0', 1)
(-284, -299, 'DDGBUF_SIZE', 1)
(-274, -291, 'DDGsrc', 1)
(-281, -291, 'DDGBUF_SIZE', 1)
(-284, -291, 'DDGBUF_SIZE', 1)
(-281, -307, 'DDGBUF_SIZE', 1)
(-284, -299, 'DDGdst1', 1)
(-274, -295, 'DDGBUF_SIZE', 1)
(-299, -306, 'CDG', 1)
(-291, -307, 'DDGsrc', 1)
(-274, -307, 'DDGsrc', 1)
(-274, -284, 'DDGBUF_SIZE', 1)
(-281, -295, 'DDGBUF_SIZE', 1)
(-284, -295, 'DDGBUF_SIZE', 1)
(-281, -284, 'DDGdst0', 1)
(-295, -307, 'DDGdst1', 1)
(-291, -295, 'DDGsrc', 1)
(-291, -299, 'DDGBUF_SIZE', 1)
(-284, -307, 'DDGBUF_SIZE', 1)
(-274, -299, 'DDGBUF_SIZE', 1)
(-299, -307, 'DDGBUF_SIZE', 1)
(-281, -299, 'DDGdst0', 1)
(-299, -307, 'DDGdst1', 1)
(-284, -295, 'DDGdst1', 1)
(-284, -307, 'DDGdst1', 1)
(-274, -281, 'DDGBUF_SIZE', 1)
(-295, -299, 'DDGBUF_SIZE', 1)
(-284, -299, 'DDGdst0', 1)
(-295, -307, 'DDGsrc', 1)
(-281, -299, 'DDGBUF_SIZE', 1)
(-274, -295, 'DDGsrc', 1)
(-274, -291, 'DDGBUF_SIZE', 1)
(-281, -284, 'DDGBUF_SIZE', 1)
(-291, -307, 'DDGBUF_SIZE', 1)
(-281, -291, 'DDGdst0', 1)
(-284, -291, 'DDGdst0', 1)
(-274, -307, 'DDGBUF_SIZE', 1)
(-320, -347, 'DDGpsdsp.add_squares', 1)
(-338, -344, 'CDG', 1)
(-317, -320, 'DDG&psdsp', 1)
(-320, -329, 'DDGpsdsp.add_squares', 1)
(-317, -329, 'DDG&psdsp', 1)
(-329, -335, 'CDG', 1)
(-320, -338, 'DDGpsdsp.add_squares', 1)
(-329, -347, 'DDGpsdsp.mul_pair_single', 1)
(-338, -347, 'DDGpsdsp.hybrid_analysis', 1)
(-320, -326, 'CDG', 1)
(-329, -338, 'DDGpsdsp.mul_pair_single', 1)
(-317, -347, 'DDG&psdsp', 1)
(-317, -338, 'DDG&psdsp', 1)
===========================
(-25, 1, '-', 0, '+70', 'if (!float_near_abs_eps_array((float *)dst0, (float *)dst1, EPS, BUF_SIZE * 2))')
(-20, 1, '-', 0, '+69', 'call_new(dst1, src0, src1, BUF_SIZE)')
(-12, 1, '-', 0, '+67', 'randomize(src1, BUF_SIZE)')
(-38, 1, '-', 0, '+71', 'fail()')
(-39, 1, '-', 0, '+72', 'bench_new(dst1, src0, src1, BUF_SIZE)')
(-5, 1, '-', 0, '+66', 'randomize((INTFLOAT *)src0, BUF_SIZE * 2)')
(-15, 1, '-', 0, '+68', 'call_ref(dst0, src0, src1, BUF_SIZE)')
(-2, 1, '-', 0, '+56', 'test_mul_pair_single (void)')
(-65, 1, '-', 0, '+89', 'randomize((INTFLOAT *)dst0, BUF_SIZE * 2)')
(-49, 1, '-', 0, '+86', 'randomize((INTFLOAT *)in, 12 * 2)')
(-72, 1, '-', 0, '+90', 'memcpy(dst1, dst0, BUF_SIZE * 2 * sizeof(INTFLOAT))')
(-93, 1, '-', 0, '+95', 'if (!float_near_abs_eps_array((float *)dst0, (float *)dst1, EPS, BUF_SIZE * 2))')
(-81, 1, '-', 0, '+92', 'call_ref(dst0, in, filter, STRIDE, N)')
(-87, 1, '-', 0, '+93', 'call_new(dst1, in, filter, STRIDE, N)')
(-46, 1, '-', 0, '+75', 'test_hybrid_analysis (void)')
(-56, 1, '-', 0, '+87', 'randomize((INTFLOAT *)filter, N * 8 * 2)')
(-107, 1, '-', 0, '+97', 'bench_new(dst1, in, filter, STRIDE, N)')
(-106, 1, '-', 0, '+96', 'fail()')
(-165, 1, '-', 0, '+121', 'memcpy(l1, l, BUF_SIZE * 2 * sizeof(INTFLOAT))')
(-245, 1, '-', 0, '+134', 'memcpy(l1, l, BUF_SIZE * 2 * sizeof(INTFLOAT))')
(-174, 1, '-', 0, '+122', 'memcpy(r0, r, BUF_SIZE * 2 * sizeof(INTFLOAT))')
(-212, 1, '-', 0, '+129', 'call_new(l1, r1, h, h_step, BUF_SIZE)')
(-156, 1, '-', 0, '+120', 'memcpy(l0, l, BUF_SIZE * 2 * sizeof(INTFLOAT))')
(-119, 1, '-', 0, '+115', 'randomize((INTFLOAT *)l, BUF_SIZE * 2)')
(-263, 1, '-', 0, '+136', 'bench_new(l1, r1, h, h_step, BUF_SIZE)')
(-199, 1, '-', 0, '+126', 'randomize((INTFLOAT *)h_step, 2 * 4)')
(-183, 1, '-', 0, '+123', 'memcpy(r1, r, BUF_SIZE * 2 * sizeof(INTFLOAT))')
(-143, 1, '-', 0, '+119', 'if (check_func(psdsp->stereo_interpolate[i], "ps_stereo_interpolate%s", i ? "_ipdopd" : ""))')
(-244, 1, '-', 0, '+132', 'fail()')
(-206, 1, '-', 0, '+128', 'call_ref(l0, r0, h, h_step, BUF_SIZE)')
(-126, 1, '-', 0, '+116', 'randomize((INTFLOAT *)r, BUF_SIZE * 2)')
(-192, 1, '-', 0, '+125', 'randomize((INTFLOAT *)h, 2 * 4)')
(-133, 1, '-', 0, '+118', 'for (i = 0; i < 2; i++)')
(-115, 1, '-', 0, '+100', 'test_stereo_interpolate (PSDSPContext *psdsp)')
(-254, 1, '-', 0, '+135', 'memcpy(r1, r, BUF_SIZE * 2 * sizeof(INTFLOAT))')
(-218, 1, '-', 0, '+130', 'if (!float_near_abs_eps_array((float *)l0, (float *)l1, EPS, BUF_SIZE * 2) ||\\n                !float_near_abs_eps_array((float *)r0, (float *)r1, EPS, BUF_SIZE * 2))')
(-295, 1, '-', 0, '+50', 'call_new(dst1, src, BUF_SIZE)')
(-307, 1, '-', 0, '+53', 'bench_new(dst1, src, BUF_SIZE)')
(-306, 1, '-', 0, '+52', 'fail()')
(-274, 1, '-', 0, '+46', 'randomize((INTFLOAT *)src, BUF_SIZE * 2)')
(-291, 1, '-', 0, '+49', 'call_ref(dst0, src, BUF_SIZE)')
(-281, 1, '-', 0, '+47', 'randomize(dst0, BUF_SIZE)')
(-271, 1, '-', 0, '+37', 'test_add_squares (void)')
(-284, 1, '-', 0, '+48', 'memcpy(dst1, dst0, BUF_SIZE * sizeof(INTFLOAT))')
(-299, 1, '-', 0, '+51', 'if (!float_near_abs_eps_array(dst0, dst1, EPS, BUF_SIZE))')
(-338, 1, '-', 0, '+155', 'if (check_func(psdsp.hybrid_analysis, "ps_hybrid_analysis"))')
(-317, 1, '-', 0, '+145', 'ff_psdsp_init(&psdsp)')
(-336, 1, '-', 0, '+153', 'report("mul_pair_single")')
(-313, 1, '-', 0, '+141', 'checkasm_check_aacpsdsp (void)')
(-345, 1, '-', 0, '+157', 'report("hybrid_analysis")')
(-327, 1, '-', 0, '+149', 'report("add_squares")')
(-329, 1, '-', 0, '+151', 'if (check_func(psdsp.mul_pair_single, "ps_mul_pair_single"))')
(-320, 1, '-', 0, '+147', 'if (check_func(psdsp.add_squares, "ps_add_squares"))')
(-347, 1, '-', 0, '+159', 'test_stereo_interpolate(&psdsp)')
(-350, 1, '-', 0, '+160', 'report("stereo_interpolate")')
(-326, 1, '-', 0, '+148', 'test_add_squares()')
(-344, 1, '-', 0, '+156', 'test_hybrid_analysis()')
(-335, 1, '-', 0, '+152', 'test_mul_pair_single()')
---------------------------

===========================

---------------------------
(-15, -20, 'DDGsrc0', 1)
(-15, -39, 'DDGBUF_SIZE', 1)
(-12, -15, 'DDGBUF_SIZE', 1)
(-12, -25, 'DDGBUF_SIZE', 1)
(-25, -38, 'CDG', 1)
(-15, -39, 'DDGsrc1', 1)
(-12, -39, 'DDGsrc1', 1)
(-25, -39, 'DDGBUF_SIZE', 1)
(-5, -25, 'DDGBUF_SIZE', 1)
(-5, -39, 'DDGsrc0', 1)
(-5, -20, 'DDGBUF_SIZE', 1)
(-12, -15, 'DDGsrc1', 1)
(-15, -20, 'DDGBUF_SIZE', 1)
(-20, -39, 'DDGsrc0', 1)
(-5, -15, 'DDGsrc0', 1)
(-15, -20, 'DDGsrc1', 1)
(-25, -39, 'DDGdst1', 1)
(-20, -25, 'DDGBUF_SIZE', 1)
(-5, -39, 'DDGBUF_SIZE', 1)
(-12, -20, 'DDGBUF_SIZE', 1)
(-15, -25, 'DDGdst0', 1)
(-20, -39, 'DDGBUF_SIZE', 1)
(-5, -15, 'DDGBUF_SIZE', 1)
(-20, -25, 'DDGdst1', 1)
(-20, -39, 'DDGsrc1', 1)
(-12, -20, 'DDGsrc1', 1)
(-15, -39, 'DDGsrc0', 1)
(-20, -39, 'DDGdst1', 1)
(-5, -12, 'DDGBUF_SIZE', 1)
(-15, -25, 'DDGBUF_SIZE', 1)
(-5, -20, 'DDGsrc0', 1)
(-12, -39, 'DDGBUF_SIZE', 1)
(-5, -25, 'DDGBUF_SIZE * 2', 1)
(-65, -72, 'DDGBUF_SIZE', 1)
(-81, -107, 'DDGfilter', 1)
(-81, -87, 'DDGN', 1)
(-72, -93, 'DDGBUF_SIZE', 1)
(-49, -87, 'DDGin', 1)
(-72, -107, 'DDGdst1', 1)
(-87, -107, 'DDGfilter', 1)
(-81, -87, 'DDGin', 1)
(-65, -93, 'DDGBUF_SIZE * 2', 1)
(-72, -93, 'DDGdst1', 1)
(-65, -93, 'DDGdst0', 1)
(-56, -81, 'DDGN', 1)
(-81, -87, 'DDGfilter', 1)
(-87, -93, 'DDGdst1', 1)
(-56, -107, 'DDGfilter', 1)
(-56, -87, 'DDGN', 1)
(-93, -107, 'DDGdst1', 1)
(-81, -107, 'DDGSTRIDE', 1)
(-93, -106, 'CDG', 1)
(-87, -107, 'DDGdst1', 1)
(-87, -107, 'DDGSTRIDE', 1)
(-49, -81, 'DDGin', 1)
(-65, -93, 'DDGBUF_SIZE', 1)
(-56, -81, 'DDGfilter', 1)
(-81, -93, 'DDGdst0', 1)
(-56, -87, 'DDGfilter', 1)
(-72, -93, 'DDGdst0', 1)
(-81, -107, 'DDGN', 1)
(-81, -87, 'DDGSTRIDE', 1)
(-72, -87, 'DDGdst1', 1)
(-49, -107, 'DDGin', 1)
(-87, -107, 'DDGN', 1)
(-65, -72, 'DDGdst0', 1)
(-81, -107, 'DDGin', 1)
(-72, -81, 'DDGdst0', 1)
(-56, -107, 'DDGN', 1)
(-65, -81, 'DDGdst0', 1)
(-87, -107, 'DDGin', 1)
(-174, -212, 'DDGBUF_SIZE', 1)
(-254, -174, 'DDG2 * sizeof(INTFLOAT)', 1)
(-183, -263, 'DDGr1', 1)
(-174, -263, 'DDGBUF_SIZE', 1)
(-156, -254, 'DDGBUF_SIZE * 2 * sizeof(INTFLOAT)', 1)
(-254, -165, 'DDGsizeof(INTFLOAT)', 1)
(-126, -183, 'DDGr', 1)
(-165, -174, 'DDG2 * sizeof(INTFLOAT)', 1)
(-126, -165, 'DDGBUF_SIZE', 1)
(-156, -212, 'DDGBUF_SIZE', 1)
(-165, -245, 'DDGBUF_SIZE * 2 * sizeof(INTFLOAT)', 1)
(-212, -254, 'DDGr1', 1)
(-143, -212, 'CDG', 1)
(-245, -206, 'DDGBUF_SIZE', 1)
(-174, -165, 'DDG2 * sizeof(INTFLOAT)', 1)
(-263, -156, 'DDGBUF_SIZE', 1)
(-183, -245, 'DDGBUF_SIZE * 2 * sizeof(INTFLOAT)', 1)
(-218, -245, 'DDGl1', 1)
(-263, -212, 'DDGh', 1)
(-165, -218, 'DDGBUF_SIZE', 1)
(-254, -218, 'DDGr1', 1)
(-183, -156, 'DDGBUF_SIZE * 2 * sizeof(INTFLOAT)', 1)
(-183, -218, 'DDGBUF_SIZE', 1)
(-165, -156, 'DDGsizeof(INTFLOAT)', 1)
(-254, -165, 'DDG2 * sizeof(INTFLOAT)', 1)
(-156, -245, 'DDG2 * sizeof(INTFLOAT)', 1)
(-183, -165, 'DDGBUF_SIZE * 2 * sizeof(INTFLOAT)', 1)
(-245, -263, 'DDGl1', 1)
(-126, -156, 'DDGBUF_SIZE', 1)
(-119, -245, 'DDGBUF_SIZE', 1)
(-119, -218, 'DDGBUF_SIZE * 2', 1)
(-245, -254, 'DDGBUF_SIZE * 2 * sizeof(INTFLOAT)', 1)
(-218, -174, 'DDGr0', 1)
(-245, -165, 'DDGBUF_SIZE * 2 * sizeof(INTFLOAT)', 1)
(-245, -156, 'DDGsizeof(INTFLOAT)', 1)
(-254, -183, 'DDGsizeof(INTFLOAT)', 1)
(-212, -183, 'DDGr1', 1)
(-183, -174, 'DDGBUF_SIZE * 2 * sizeof(INTFLOAT)', 1)
(-174, -245, 'DDGBUF_SIZE', 1)
(-183, -156, 'DDGsizeof(INTFLOAT)', 1)
(-165, -156, 'DDG2 * sizeof(INTFLOAT)', 1)
(-254, -183, 'DDGr1', 1)
(-165, -183, 'DDGBUF_SIZE', 1)
(-119, -165, 'DDGBUF_SIZE', 1)
(-218, -183, 'DDGr1', 1)
(-156, -254, 'DDG2 * sizeof(INTFLOAT)', 1)
(-183, -165, 'DDGsizeof(INTFLOAT)', 1)
(-165, -183, 'DDG2 * sizeof(INTFLOAT)', 1)
(-263, -254, 'DDGBUF_SIZE', 1)
(-218, -263, 'DDGr1', 1)
(-245, -254, 'DDGsizeof(INTFLOAT)', 1)
(-183, -212, 'DDGBUF_SIZE', 1)
(-254, -263, 'DDGr1', 1)
(-165, -263, 'DDGBUF_SIZE', 1)
(-156, -174, 'DDG2 * sizeof(INTFLOAT)', 1)
(-183, -263, 'DDGBUF_SIZE', 1)
(-115, -143, 'DDGpsdsp', 1)
(-206, -174, 'DDGr0', 1)
(-254, -156, 'DDGBUF_SIZE * 2 * sizeof(INTFLOAT)', 1)
(-263, -218, 'DDGBUF_SIZE', 1)
(-218, -165, 'DDGl1', 1)
(-218, -206, 'DDGl0', 1)
(-183, -165, 'DDG2 * sizeof(INTFLOAT)', 1)
(-245, -174, 'DDGsizeof(INTFLOAT)', 1)
(-212, -218, 'DDGl1', 1)
(-119, -245, 'DDGl', 1)
(-254, -183, 'DDG2 * sizeof(INTFLOAT)', 1)
(-126, -218, 'DDGBUF_SIZE', 1)
(-192, -212, 'DDGh', 1)
(-183, -245, 'DDG2 * sizeof(INTFLOAT)', 1)
(-245, -156, 'DDG2 * sizeof(INTFLOAT)', 1)
(-174, -254, 'DDGBUF_SIZE', 1)
(-212, -263, 'DDGl1', 1)
(-212, -206, 'DDGBUF_SIZE', 1)
(-156, -254, 'DDGBUF_SIZE', 1)
(-183, -156, 'DDG2 * sizeof(INTFLOAT)', 1)
(-245, -183, 'DDGBUF_SIZE * 2 * sizeof(INTFLOAT)', 1)
(-263, -212, 'DDGr1', 1)
(-119, -218, 'DDGBUF_SIZE', 1)
(-206, -218, 'DDGr0', 1)
(-165, -245, 'DDGBUF_SIZE', 1)
(-183, -245, 'DDGBUF_SIZE', 1)
(-245, -165, 'DDG2 * sizeof(INTFLOAT)', 1)
(-174, -156, 'DDGBUF_SIZE', 1)
(-165, -156, 'DDGBUF_SIZE * 2 * sizeof(INTFLOAT)', 1)
(-245, -254, 'DDG2 * sizeof(INTFLOAT)', 1)
(-156, -183, 'DDG2 * sizeof(INTFLOAT)', 1)
(-245, -212, 'DDGBUF_SIZE', 1)
(-263, -183, 'DDGBUF_SIZE', 1)
(-183, -174, 'DDG2 * sizeof(INTFLOAT)', 1)
(-218, -263, 'DDGBUF_SIZE', 1)
(-245, -183, 'DDGsizeof(INTFLOAT)', 1)
(-174, -183, 'DDGBUF_SIZE', 1)
(-218, -206, 'DDGBUF_SIZE', 1)
(-156, -183, 'DDGBUF_SIZE', 1)
(-174, -254, 'DDGr', 1)
(-245, -165, 'DDGBUF_SIZE', 1)
(-143, -183, 'CDG', 1)
(-212, -165, 'DDGl1', 1)
(-119, -156, 'DDGBUF_SIZE', 1)
(-254, -156, 'DDG2 * sizeof(INTFLOAT)', 1)
(-156, -263, 'DDGBUF_SIZE', 1)
(-218, -212, 'DDGBUF_SIZE', 1)
(-174, -218, 'DDGr0', 1)
(-212, -263, 'DDGh', 1)
(-165, -254, 'DDGBUF_SIZE', 1)
(-254, -183, 'DDGBUF_SIZE * 2 * sizeof(INTFLOAT)', 1)
(-254, -245, 'DDGBUF_SIZE', 1)
(-119, -156, 'DDGl', 1)
(-156, -165, 'DDG2 * sizeof(INTFLOAT)', 1)
(-183, -254, 'DDGBUF_SIZE', 1)
(-206, -254, 'DDGBUF_SIZE', 1)
(-212, -192, 'DDGh', 1)
(-254, -156, 'DDGBUF_SIZE', 1)
(-263, -212, 'DDGBUF_SIZE', 1)
(-212, -218, 'DDGr1', 1)
(-263, -245, 'DDGl1', 1)
(-165, -174, 'DDGBUF_SIZE', 1)
(-183, -174, 'DDGBUF_SIZE', 1)
(-245, -183, 'DDG2 * sizeof(INTFLOAT)', 1)
(-263, -165, 'DDGl1', 1)
(-165, -212, 'DDGl1', 1)
(-218, -254, 'DDGr1', 1)
(-263, -212, 'DDGh_step', 1)
(-254, -174, 'DDGBUF_SIZE', 1)
(-156, -245, 'DDGBUF_SIZE', 1)
(-245, -174, 'DDGBUF_SIZE * 2 * sizeof(INTFLOAT)', 1)
(-183, -206, 'DDGBUF_SIZE', 1)
(-174, -206, 'DDGBUF_SIZE', 1)
(-143, -245, 'CDG', 1)
(-174, -156, 'DDGsizeof(INTFLOAT)', 1)
(-174, -183, 'DDGr', 1)
(-174, -165, 'DDGBUF_SIZE', 1)
(-143, -156, 'CDG', 1)
(-156, -165, 'DDGBUF_SIZE', 1)
(-119, -165, 'DDGl', 1)
(-263, -206, 'DDGBUF_SIZE', 1)
(-218, -206, 'DDGr0', 1)
(-165, -156, 'DDGBUF_SIZE', 1)
(-183, -174, 'DDGr', 1)
(-212, -263, 'DDGr1', 1)
(-245, -263, 'DDGBUF_SIZE', 1)
(-212, -254, 'DDGBUF_SIZE', 1)
(-263, -218, 'DDGl1', 1)
(-254, -165, 'DDGBUF_SIZE', 1)
(-156, -165, 'DDGl', 1)
(-254, -218, 'DDGBUF_SIZE', 1)
(-199, -206, 'DDGh_step', 1)
(-245, -156, 'DDGBUF_SIZE', 1)
(-143, -174, 'CDG', 1)
(-263, -206, 'DDGh_step', 1)
(-126, -206, 'DDGBUF_SIZE', 1)
(-183, -254, 'DDGr', 1)
(-212, -174, 'DDGBUF_SIZE', 1)
(-218, -174, 'DDGBUF_SIZE', 1)
(-119, -126, 'DDGBUF_SIZE', 1)
(-156, -218, 'DDGl0', 1)
(-206, -212, 'DDGh_step', 1)
(-192, -263, 'DDGh', 1)
(-206, -212, 'DDGBUF_SIZE', 1)
(-156, -245, 'DDGl', 1)
(-165, -254, 'DDGsizeof(INTFLOAT)', 1)
(-143, -254, 'CDG', 1)
(-218, -254, 'DDGBUF_SIZE', 1)
(-212, -183, 'DDGBUF_SIZE', 1)
(-206, -263, 'DDGh', 1)
(-126, -212, 'DDGBUF_SIZE', 1)
(-254, -183, 'DDGBUF_SIZE', 1)
(-126, -263, 'DDGBUF_SIZE', 1)
(-156, -174, 'DDGBUF_SIZE', 1)
(-212, -206, 'DDGh', 1)
(-156, -218, 'DDGBUF_SIZE', 1)
(-254, -174, 'DDGr', 1)
(-143, -218, 'CDG', 1)
(-183, -165, 'DDGBUF_SIZE', 1)
(-206, -156, 'DDGl0', 1)
(-254, -263, 'DDGBUF_SIZE', 1)
(-174, -254, 'DDGBUF_SIZE * 2 * sizeof(INTFLOAT)', 1)
(-245, -174, 'DDG2 * sizeof(INTFLOAT)', 1)
(-119, -206, 'DDGBUF_SIZE', 1)
(-174, -206, 'DDGr0', 1)
(-245, -156, 'DDGl', 1)
(-212, -199, 'DDGh_step', 1)
(-212, -263, 'DDGBUF_SIZE', 1)
(-174, -245, 'DDGsizeof(INTFLOAT)', 1)
(-218, -183, 'DDGBUF_SIZE', 1)
(-206, -192, 'DDGh', 1)
(-165, -218, 'DDGl1', 1)
(-165, -183, 'DDGsizeof(INTFLOAT)', 1)
(-206, -245, 'DDGBUF_SIZE', 1)
(-174, -156, 'DDGBUF_SIZE * 2 * sizeof(INTFLOAT)', 1)
(-183, -156, 'DDGBUF_SIZE', 1)
(-206, -174, 'DDGBUF_SIZE', 1)
(-206, -218, 'DDGl0', 1)
(-165, -245, 'DDGl', 1)
(-119, -212, 'DDGBUF_SIZE', 1)
(-174, -254, 'DDGsizeof(INTFLOAT)', 1)
(-263, -254, 'DDGr1', 1)
(-212, -263, 'DDGh_step', 1)
(-183, -212, 'DDGr1', 1)
(-245, -254, 'DDGBUF_SIZE', 1)
(-119, -126, 'DDGBUF_SIZE * 2', 1)
(-212, -245, 'DDGBUF_SIZE', 1)
(-143, -263, 'CDG', 1)
(-245, -218, 'DDGBUF_SIZE', 1)
(-263, -218, 'DDGr1', 1)
(-143, -199, 'CDG', 1)
(-156, -174, 'DDGsizeof(INTFLOAT)', 1)
(-245, -174, 'DDGBUF_SIZE', 1)
(-212, -165, 'DDGBUF_SIZE', 1)
(-218, -156, 'DDGl0', 1)
(-254, -183, 'DDGr', 1)
(-245, -165, 'DDGl', 1)
(-165, -263, 'DDGl1', 1)
(-263, -192, 'DDGh', 1)
(-165, -254, 'DDGBUF_SIZE * 2 * sizeof(INTFLOAT)', 1)
(-254, -245, 'DDGBUF_SIZE * 2 * sizeof(INTFLOAT)', 1)
(-156, -254, 'DDGsizeof(INTFLOAT)', 1)
(-174, -183, 'DDGBUF_SIZE * 2 * sizeof(INTFLOAT)', 1)
(-192, -206, 'DDGh', 1)
(-245, -183, 'DDGBUF_SIZE', 1)
(-218, -245, 'DDGBUF_SIZE', 1)
(-263, -183, 'DDGr1', 1)
(-143, -192, 'CDG', 1)
(-206, -183, 'DDGBUF_SIZE', 1)
(-156, -183, 'DDGBUF_SIZE * 2 * sizeof(INTFLOAT)', 1)
(-183, -245, 'DDGsizeof(INTFLOAT)', 1)
(-165, -206, 'DDGBUF_SIZE', 1)
(-126, -254, 'DDGBUF_SIZE', 1)
(-165, -174, 'DDGBUF_SIZE * 2 * sizeof(INTFLOAT)', 1)
(-218, -156, 'DDGBUF_SIZE', 1)
(-206, -218, 'DDGBUF_SIZE', 1)
(-174, -254, 'DDG2 * sizeof(INTFLOAT)', 1)
(-143, -165, 'CDG', 1)
(-263, -245, 'DDGBUF_SIZE', 1)
(-254, -212, 'DDGr1', 1)
(-254, -245, 'DDGsizeof(INTFLOAT)', 1)
(-206, -263, 'DDGh_step', 1)
(-126, -174, 'DDGBUF_SIZE', 1)
(-174, -183, 'DDGsizeof(INTFLOAT)', 1)
(-206, -199, 'DDGh_step', 1)
(-254, -206, 'DDGBUF_SIZE', 1)
(-165, -245, 'DDGsizeof(INTFLOAT)', 1)
(-206, -263, 'DDGBUF_SIZE', 1)
(-263, -165, 'DDGBUF_SIZE', 1)
(-165, -212, 'DDGBUF_SIZE', 1)
(-183, -254, 'DDGBUF_SIZE * 2 * sizeof(INTFLOAT)', 1)
(-218, -244, 'CDG', 1)
(-156, -183, 'DDGsizeof(INTFLOAT)', 1)
(-165, -245, 'DDGl1', 1)
(-119, -174, 'DDGBUF_SIZE', 1)
(-218, -165, 'DDGBUF_SIZE', 1)
(-212, -218, 'DDGBUF_SIZE', 1)
(-183, -174, 'DDGsizeof(INTFLOAT)', 1)
(-174, -165, 'DDGBUF_SIZE * 2 * sizeof(INTFLOAT)', 1)
(-183, -218, 'DDGr1', 1)
(-156, -165, 'DDGBUF_SIZE * 2 * sizeof(INTFLOAT)', 1)
(-206, -165, 'DDGBUF_SIZE', 1)
(-174, -183, 'DDG2 * sizeof(INTFLOAT)', 1)
(-263, -174, 'DDGBUF_SIZE', 1)
(-165, -245, 'DDG2 * sizeof(INTFLOAT)', 1)
(-119, -254, 'DDGBUF_SIZE', 1)
(-263, -206, 'DDGh', 1)
(-183, -254, 'DDGsizeof(INTFLOAT)', 1)
(-174, -156, 'DDG2 * sizeof(INTFLOAT)', 1)
(-174, -245, 'DDGBUF_SIZE * 2 * sizeof(INTFLOAT)', 1)
(-218, -212, 'DDGr1', 1)
(-245, -165, 'DDGsizeof(INTFLOAT)', 1)
(-206, -212, 'DDGh', 1)
(-165, -183, 'DDGBUF_SIZE * 2 * sizeof(INTFLOAT)', 1)
(-165, -174, 'DDGsizeof(INTFLOAT)', 1)
(-254, -174, 'DDGBUF_SIZE * 2 * sizeof(INTFLOAT)', 1)
(-183, -254, 'DDGr1', 1)
(-245, -165, 'DDGl1', 1)
(-156, -245, 'DDGBUF_SIZE * 2 * sizeof(INTFLOAT)', 1)
(-254, -156, 'DDGsizeof(INTFLOAT)', 1)
(-126, -174, 'DDGr', 1)
(-165, -156, 'DDGl', 1)
(-174, -165, 'DDGsizeof(INTFLOAT)', 1)
(-174, -218, 'DDGBUF_SIZE', 1)
(-133, -143, 'CDG', 1)
(-199, -263, 'DDGh_step', 1)
(-156, -206, 'DDGl0', 1)
(-156, -165, 'DDGsizeof(INTFLOAT)', 1)
(-206, -156, 'DDGBUF_SIZE', 1)
(-245, -212, 'DDGl1', 1)
(-126, -183, 'DDGBUF_SIZE', 1)
(-263, -199, 'DDGh_step', 1)
(-212, -156, 'DDGBUF_SIZE', 1)
(-183, -254, 'DDG2 * sizeof(INTFLOAT)', 1)
(-218, -212, 'DDGl1', 1)
(-254, -212, 'DDGBUF_SIZE', 1)
(-126, -254, 'DDGr', 1)
(-218, -263, 'DDGl1', 1)
(-119, -183, 'DDGBUF_SIZE', 1)
(-254, -174, 'DDGsizeof(INTFLOAT)', 1)
(-254, -165, 'DDGBUF_SIZE * 2 * sizeof(INTFLOAT)', 1)
(-212, -206, 'DDGh_step', 1)
(-156, -245, 'DDGsizeof(INTFLOAT)', 1)
(-212, -245, 'DDGl1', 1)
(-263, -212, 'DDGl1', 1)
(-156, -206, 'DDGBUF_SIZE', 1)
(-245, -218, 'DDGl1', 1)
(-199, -212, 'DDGh_step', 1)
(-156, -174, 'DDGBUF_SIZE * 2 * sizeof(INTFLOAT)', 1)
(-143, -206, 'CDG', 1)
(-245, -156, 'DDGBUF_SIZE * 2 * sizeof(INTFLOAT)', 1)
(-165, -254, 'DDG2 * sizeof(INTFLOAT)', 1)
(-126, -245, 'DDGBUF_SIZE', 1)
(-126, -218, 'DDGBUF_SIZE * 2', 1)
(-254, -245, 'DDG2 * sizeof(INTFLOAT)', 1)
(-119, -263, 'DDGBUF_SIZE', 1)
(-174, -245, 'DDG2 * sizeof(INTFLOAT)', 1)
(-291, -295, 'DDGBUF_SIZE', 1)
(-295, -299, 'DDGdst1', 1)
(-295, -307, 'DDGBUF_SIZE', 1)
(-291, -299, 'DDGdst0', 1)
(-284, -299, 'DDGBUF_SIZE', 1)
(-274, -291, 'DDGsrc', 1)
(-281, -291, 'DDGBUF_SIZE', 1)
(-284, -291, 'DDGBUF_SIZE', 1)
(-281, -307, 'DDGBUF_SIZE', 1)
(-284, -299, 'DDGdst1', 1)
(-274, -295, 'DDGBUF_SIZE', 1)
(-299, -306, 'CDG', 1)
(-291, -307, 'DDGsrc', 1)
(-274, -307, 'DDGsrc', 1)
(-274, -284, 'DDGBUF_SIZE', 1)
(-281, -295, 'DDGBUF_SIZE', 1)
(-284, -295, 'DDGBUF_SIZE', 1)
(-281, -284, 'DDGdst0', 1)
(-295, -307, 'DDGdst1', 1)
(-291, -295, 'DDGsrc', 1)
(-291, -299, 'DDGBUF_SIZE', 1)
(-284, -307, 'DDGBUF_SIZE', 1)
(-274, -299, 'DDGBUF_SIZE', 1)
(-299, -307, 'DDGBUF_SIZE', 1)
(-281, -299, 'DDGdst0', 1)
(-299, -307, 'DDGdst1', 1)
(-284, -295, 'DDGdst1', 1)
(-284, -307, 'DDGdst1', 1)
(-274, -281, 'DDGBUF_SIZE', 1)
(-295, -299, 'DDGBUF_SIZE', 1)
(-284, -299, 'DDGdst0', 1)
(-295, -307, 'DDGsrc', 1)
(-281, -299, 'DDGBUF_SIZE', 1)
(-274, -295, 'DDGsrc', 1)
(-274, -291, 'DDGBUF_SIZE', 1)
(-281, -284, 'DDGBUF_SIZE', 1)
(-291, -307, 'DDGBUF_SIZE', 1)
(-281, -291, 'DDGdst0', 1)
(-284, -291, 'DDGdst0', 1)
(-274, -307, 'DDGBUF_SIZE', 1)
(-320, -347, 'DDGpsdsp.add_squares', 1)
(-338, -344, 'CDG', 1)
(-317, -320, 'DDG&psdsp', 1)
(-320, -329, 'DDGpsdsp.add_squares', 1)
(-317, -329, 'DDG&psdsp', 1)
(-329, -335, 'CDG', 1)
(-320, -338, 'DDGpsdsp.add_squares', 1)
(-329, -347, 'DDGpsdsp.mul_pair_single', 1)
(-338, -347, 'DDGpsdsp.hybrid_analysis', 1)
(-320, -326, 'CDG', 1)
(-329, -338, 'DDGpsdsp.mul_pair_single', 1)
(-317, -347, 'DDG&psdsp', 1)
(-317, -338, 'DDG&psdsp', 1)
===========================
(-25, 1, '-', 0, '+70', 'if (!float_near_abs_eps_array((float *)dst0, (float *)dst1, EPS, BUF_SIZE * 2))')
(-20, 1, '-', 0, '+69', 'call_new(dst1, src0, src1, BUF_SIZE)')
(-12, 1, '-', 0, '+67', 'randomize(src1, BUF_SIZE)')
(-38, 1, '-', 0, '+71', 'fail()')
(-39, 1, '-', 0, '+72', 'bench_new(dst1, src0, src1, BUF_SIZE)')
(-5, 1, '-', 0, '+66', 'randomize((INTFLOAT *)src0, BUF_SIZE * 2)')
(-15, 1, '-', 0, '+68', 'call_ref(dst0, src0, src1, BUF_SIZE)')
(-2, 1, '-', 0, '+56', 'test_mul_pair_single (void)')
(-65, 1, '-', 0, '+89', 'randomize((INTFLOAT *)dst0, BUF_SIZE * 2)')
(-49, 1, '-', 0, '+86', 'randomize((INTFLOAT *)in, 12 * 2)')
(-72, 1, '-', 0, '+90', 'memcpy(dst1, dst0, BUF_SIZE * 2 * sizeof(INTFLOAT))')
(-93, 1, '-', 0, '+95', 'if (!float_near_abs_eps_array((float *)dst0, (float *)dst1, EPS, BUF_SIZE * 2))')
(-81, 1, '-', 0, '+92', 'call_ref(dst0, in, filter, STRIDE, N)')
(-87, 1, '-', 0, '+93', 'call_new(dst1, in, filter, STRIDE, N)')
(-46, 1, '-', 0, '+75', 'test_hybrid_analysis (void)')
(-56, 1, '-', 0, '+87', 'randomize((INTFLOAT *)filter, N * 8 * 2)')
(-107, 1, '-', 0, '+97', 'bench_new(dst1, in, filter, STRIDE, N)')
(-106, 1, '-', 0, '+96', 'fail()')
(-165, 1, '-', 0, '+121', 'memcpy(l1, l, BUF_SIZE * 2 * sizeof(INTFLOAT))')
(-245, 1, '-', 0, '+134', 'memcpy(l1, l, BUF_SIZE * 2 * sizeof(INTFLOAT))')
(-174, 1, '-', 0, '+122', 'memcpy(r0, r, BUF_SIZE * 2 * sizeof(INTFLOAT))')
(-212, 1, '-', 0, '+129', 'call_new(l1, r1, h, h_step, BUF_SIZE)')
(-156, 1, '-', 0, '+120', 'memcpy(l0, l, BUF_SIZE * 2 * sizeof(INTFLOAT))')
(-119, 1, '-', 0, '+115', 'randomize((INTFLOAT *)l, BUF_SIZE * 2)')
(-263, 1, '-', 0, '+136', 'bench_new(l1, r1, h, h_step, BUF_SIZE)')
(-199, 1, '-', 0, '+126', 'randomize((INTFLOAT *)h_step, 2 * 4)')
(-183, 1, '-', 0, '+123', 'memcpy(r1, r, BUF_SIZE * 2 * sizeof(INTFLOAT))')
(-143, 1, '-', 0, '+119', 'if (check_func(psdsp->stereo_interpolate[i], "ps_stereo_interpolate%s", i ? "_ipdopd" : ""))')
(-244, 1, '-', 0, '+132', 'fail()')
(-206, 1, '-', 0, '+128', 'call_ref(l0, r0, h, h_step, BUF_SIZE)')
(-126, 1, '-', 0, '+116', 'randomize((INTFLOAT *)r, BUF_SIZE * 2)')
(-192, 1, '-', 0, '+125', 'randomize((INTFLOAT *)h, 2 * 4)')
(-133, 1, '-', 0, '+118', 'for (i = 0; i < 2; i++)')
(-115, 1, '-', 0, '+100', 'test_stereo_interpolate (PSDSPContext *psdsp)')
(-254, 1, '-', 0, '+135', 'memcpy(r1, r, BUF_SIZE * 2 * sizeof(INTFLOAT))')
(-218, 1, '-', 0, '+130', 'if (!float_near_abs_eps_array((float *)l0, (float *)l1, EPS, BUF_SIZE * 2) ||\\n                !float_near_abs_eps_array((float *)r0, (float *)r1, EPS, BUF_SIZE * 2))')
(-295, 1, '-', 0, '+50', 'call_new(dst1, src, BUF_SIZE)')
(-307, 1, '-', 0, '+53', 'bench_new(dst1, src, BUF_SIZE)')
(-306, 1, '-', 0, '+52', 'fail()')
(-274, 1, '-', 0, '+46', 'randomize((INTFLOAT *)src, BUF_SIZE * 2)')
(-291, 1, '-', 0, '+49', 'call_ref(dst0, src, BUF_SIZE)')
(-281, 1, '-', 0, '+47', 'randomize(dst0, BUF_SIZE)')
(-271, 1, '-', 0, '+37', 'test_add_squares (void)')
(-284, 1, '-', 0, '+48', 'memcpy(dst1, dst0, BUF_SIZE * sizeof(INTFLOAT))')
(-299, 1, '-', 0, '+51', 'if (!float_near_abs_eps_array(dst0, dst1, EPS, BUF_SIZE))')
(-338, 1, '-', 0, '+155', 'if (check_func(psdsp.hybrid_analysis, "ps_hybrid_analysis"))')
(-317, 1, '-', 0, '+145', 'ff_psdsp_init(&psdsp)')
(-336, 1, '-', 0, '+153', 'report("mul_pair_single")')
(-313, 1, '-', 0, '+141', 'checkasm_check_aacpsdsp (void)')
(-345, 1, '-', 0, '+157', 'report("hybrid_analysis")')
(-327, 1, '-', 0, '+149', 'report("add_squares")')
(-329, 1, '-', 0, '+151', 'if (check_func(psdsp.mul_pair_single, "ps_mul_pair_single"))')
(-320, 1, '-', 0, '+147', 'if (check_func(psdsp.add_squares, "ps_add_squares"))')
(-347, 1, '-', 0, '+159', 'test_stereo_interpolate(&psdsp)')
(-350, 1, '-', 0, '+160', 'report("stereo_interpolate")')
(-326, 1, '-', 0, '+148', 'test_add_squares()')
(-344, 1, '-', 0, '+156', 'test_hybrid_analysis()')
(-335, 1, '-', 0, '+152', 'test_mul_pair_single()')
