(-126, -90, 'CDG', 1)
(-76, -127, 'CDG', -1)
(-127, -90, 'CDG', -1)
(-76, -127, 'DDGs', -1)
===========================
(-90, 0, 'C', 1, '1820', 's->frame_size = size')
(-126, 1, '-', 0, '+1819', 'if (s->frame_size > size)')
(-127, -1, '-', 0, '-1819', 'if (s->frame_size > size && s->frame_size < size + 4)')
(-76, 0, 'CD', 4, '1815', 'if ((ret = parse_optional_info(s)) < 0)')
---------------------------
(-76, -127, 'CDG', -1)
(-127, -90, 'CDG', -1)
(-76, -127, 'DDGs', -1)
===========================
(-90, 0, 'C', 1, '1820', 's->frame_size = size')
(-127, -1, '-', 0, '-1819', 'if (s->frame_size > size && s->frame_size < size + 4)')
(-76, 0, 'CD', 4, '1815', 'if ((ret = parse_optional_info(s)) < 0)')
---------------------------
(-126, -90, 'CDG', 1)
===========================
(-90, 0, 'C', 1, '1820', 's->frame_size = size')
(-126, 1, '-', 0, '+1819', 'if (s->frame_size > size)')
(-76, 0, 'CD', 4, '1815', 'if ((ret = parse_optional_info(s)) < 0)')
