(-6, -91, 'DDGcat', 1)
(-50, -80, 'CDG', 1)
(-21, -50, 'CDG', 1)
(-21, -91, 'CDG', 1)
(-21, -50, 'DDGAV_NOPTS_VALUE', 1)
(-21, -108, 'CDG', -1)
(-6, -80, 'DDGcat', 1)
(-6, -108, 'DDGcat', -1)
(-6, -67, 'DDGcat', 1)
(-6, -50, 'DDGcat', 1)
(-50, -67, 'CDG', 1)
(-386, -436, 'CDG', 1)
(-137, -479, 'DDGcat', 1)
(-386, -486, 'CDG', 1)
(-336, -436, 'DDGAV_NOPTS_VALUE', 1)
(-347, -462, 'DDGAV_NOPTS_VALUE', 1)
(-412, -487, 'CDG', -1)
(-452, -479, 'DDGnext_dts', 1)
(-336, -462, 'DDGAV_NOPTS_VALUE', 1)
(-259, -436, 'DDGst', 1)
(-203, -220, 'DDGcat', 1)
(-436, -462, 'CDG', 1)
(-203, -436, 'DDGcat', 1)
(-203, -479, 'DDGcat', 1)
(-386, -487, 'CDG', -1)
(-436, -462, 'DDGAV_NOPTS_VALUE', 1)
(-259, -452, 'DDGst', 1)
(-310, -452, 'DDGAV_TIME_BASE_Q', 1)
(-203, -462, 'DDGcat', 1)
(-250, -487, 'DDGret', -1)
(-137, -436, 'DDGcat', 1)
(-436, -452, 'CDG', 1)
(-250, -486, 'DDGret', 1)
(-462, -479, 'DDGnext_dts', 1)
(-452, -462, 'DDGnext_dts', 1)
(-358, -452, 'DDG&st->time_base', 1)
(-412, -486, 'CDG', 1)
(-462, -479, 'CDG', 1)
(-347, -436, 'DDGAV_NOPTS_VALUE', 1)
(-137, -462, 'DDGcat', 1)
(-412, -436, 'CDG', 1)
(-671, -709, 'DDGfile', 1)
===========================
(-21, 0, 'C', 1, '514', 'if (cat->cur_file->duration == AV_NOPTS_VALUE)')
(-6, 0, 'D', 4, '511', '*cat = avf->priv_data')
(-108, -1, '-', 0, '-515', 'cat->cur_file->duration = cat->avf->duration - (cat->cur_file->file_inpoint - cat->cur_file->file_start_time)')
(-91, 1, '-', 0, '+520', 'cat->cur_file->duration -= (cat->cur_file->file_inpoint - cat->cur_file->file_start_time)')
(-78, 1, '-', 0, '+517', 'else')
(-80, 1, '-', 0, '+518', 'cat->cur_file->duration = cat->cur_file->next_dts')
(-50, 1, '-', 0, '+515', 'if (cat->avf->duration > 0 || cat->cur_file->next_dts == AV_NOPTS_VALUE)')
(-67, 1, '-', 0, '+516', 'cat->cur_file->duration = cat->avf->duration')
(-137, 0, 'D', 72, '567', '*cat = avf->priv_data')
(-203, 0, 'D', 47, '592', 'if (packet_after_outpoint(cat, pkt))')
(-220, 0, 'D', 10000, '598', 'cs = &cat->cur_file->streams[pkt->stream_index]')
(-452, 1, '-', 0, '+640', 'next_dts = av_rescale_q(st->cur_dts, st->time_base, AV_TIME_BASE_Q)')
(-486, 1, '-', 0, '+646', 'return ret;')
(-462, 1, '-', 0, '+641', 'if (cat->cur_file->next_dts == AV_NOPTS_VALUE || next_dts > cat->cur_file->next_dts)')
(-412, 0, 'C', 8, '631', 'if (!(metadata = av_packet_new_side_data(pkt, AV_PKT_DATA_STRINGS_METADATA, metadata_len)))')
(-436, 1, '-', 0, '+639', 'if (cat->cur_file->duration == AV_NOPTS_VALUE && st->cur_dts != AV_NOPTS_VALUE)')
(-259, 0, 'D', 30, '609', 'st = cat->avf->streams[pkt->stream_index]')
(-347, 0, 'D', 19, '620', 'if (pkt->dts != AV_NOPTS_VALUE)')
(-358, 0, 'D', 18, '622', 'av_log(avf, AV_LOG_DEBUG, " -> pts:%s pts_time:%s dts:%s dts_time:%s\\n",\\n           av_ts2str(pkt->pts), av_ts2timestr(pkt->pts, &st->time_base),\\n           av_ts2str(pkt->dts), av_ts2timestr(pkt->dts, &st->time_base))')
(-386, 0, 'C', 14, '625', 'if (cat->cur_file->metadata)')
(-310, 0, 'D', 25, '615', 'delta = av_rescale_q(cat->cur_file->start_time - cat->cur_file->file_inpoint,\\n                         AV_TIME_BASE_Q,\\n                         cat->avf->streams[pkt->stream_index]->time_base)')
(-487, -1, '-', 0, '-646', 'return ret;')
(-479, 1, '-', 0, '+642', 'cat->cur_file->next_dts = next_dts')
(-250, 0, 'D', 40, '606', 'if ((ret = filter_packet(avf, cs, pkt)))')
(-336, 0, 'D', 21, '618', 'if (pkt->pts != AV_NOPTS_VALUE)')
(-714, 1, '-', 0, '+154', 'file->inpoint    = AV_NOPTS_VALUE')
(-725, -1, '-', 0, '-160', 'av_free(url)')
(-718, 1, '-', 0, '+160', 'av_free(url)')
(-716, 1, '-', 0, '+157', 'return 0;')
(-722, -1, '-', 0, '-155', 'file->outpoint   = AV_NOPTS_VALUE')
(-671, 0, 'D', 6, '147', 'memset(file, 0, sizeof(*file))')
(-717, 1, '-', 0, '+159', 'fail:')
(-723, -1, '-', 0, '-157', 'return 0;')
(-709, 1, '-', 0, '+153', 'file->next_dts   = AV_NOPTS_VALUE')
(-727, -1, '-', 0, '-162', 'return ret;')
(-724, -1, '-', 0, '-159', 'fail:')
(-720, 1, '-', 0, '+162', 'return ret;')
(-726, -1, '-', 0, '-161', 'av_free(filename)')
(-721, -1, '-', 0, '-154', 'file->inpoint    = AV_NOPTS_VALUE')
(-719, 1, '-', 0, '+161', 'av_free(filename)')
(-715, 1, '-', 0, '+155', 'file->outpoint   = AV_NOPTS_VALUE')
---------------------------
(-21, -108, 'CDG', -1)
(-6, -108, 'DDGcat', -1)
(-412, -487, 'CDG', -1)
(-386, -487, 'CDG', -1)
(-250, -487, 'DDGret', -1)
===========================
(-21, 0, 'C', 1, '514', 'if (cat->cur_file->duration == AV_NOPTS_VALUE)')
(-6, 0, 'D', 4, '511', '*cat = avf->priv_data')
(-108, -1, '-', 0, '-515', 'cat->cur_file->duration = cat->avf->duration - (cat->cur_file->file_inpoint - cat->cur_file->file_start_time)')
(-137, 0, 'D', 72, '567', '*cat = avf->priv_data')
(-203, 0, 'D', 47, '592', 'if (packet_after_outpoint(cat, pkt))')
(-220, 0, 'D', 10000, '598', 'cs = &cat->cur_file->streams[pkt->stream_index]')
(-412, 0, 'C', 8, '631', 'if (!(metadata = av_packet_new_side_data(pkt, AV_PKT_DATA_STRINGS_METADATA, metadata_len)))')
(-259, 0, 'D', 30, '609', 'st = cat->avf->streams[pkt->stream_index]')
(-347, 0, 'D', 19, '620', 'if (pkt->dts != AV_NOPTS_VALUE)')
(-358, 0, 'D', 18, '622', 'av_log(avf, AV_LOG_DEBUG, " -> pts:%s pts_time:%s dts:%s dts_time:%s\\n",\\n           av_ts2str(pkt->pts), av_ts2timestr(pkt->pts, &st->time_base),\\n           av_ts2str(pkt->dts), av_ts2timestr(pkt->dts, &st->time_base))')
(-386, 0, 'C', 14, '625', 'if (cat->cur_file->metadata)')
(-310, 0, 'D', 25, '615', 'delta = av_rescale_q(cat->cur_file->start_time - cat->cur_file->file_inpoint,\\n                         AV_TIME_BASE_Q,\\n                         cat->avf->streams[pkt->stream_index]->time_base)')
(-487, -1, '-', 0, '-646', 'return ret;')
(-250, 0, 'D', 40, '606', 'if ((ret = filter_packet(avf, cs, pkt)))')
(-336, 0, 'D', 21, '618', 'if (pkt->pts != AV_NOPTS_VALUE)')
(-725, -1, '-', 0, '-160', 'av_free(url)')
(-722, -1, '-', 0, '-155', 'file->outpoint   = AV_NOPTS_VALUE')
(-671, 0, 'D', 6, '147', 'memset(file, 0, sizeof(*file))')
(-723, -1, '-', 0, '-157', 'return 0;')
(-727, -1, '-', 0, '-162', 'return ret;')
(-724, -1, '-', 0, '-159', 'fail:')
(-726, -1, '-', 0, '-161', 'av_free(filename)')
(-721, -1, '-', 0, '-154', 'file->inpoint    = AV_NOPTS_VALUE')
---------------------------
(-6, -91, 'DDGcat', 1)
(-50, -80, 'CDG', 1)
(-21, -50, 'CDG', 1)
(-21, -91, 'CDG', 1)
(-21, -50, 'DDGAV_NOPTS_VALUE', 1)
(-6, -80, 'DDGcat', 1)
(-6, -67, 'DDGcat', 1)
(-6, -50, 'DDGcat', 1)
(-50, -67, 'CDG', 1)
(-386, -436, 'CDG', 1)
(-137, -479, 'DDGcat', 1)
(-386, -486, 'CDG', 1)
(-336, -436, 'DDGAV_NOPTS_VALUE', 1)
(-347, -462, 'DDGAV_NOPTS_VALUE', 1)
(-452, -479, 'DDGnext_dts', 1)
(-336, -462, 'DDGAV_NOPTS_VALUE', 1)
(-259, -436, 'DDGst', 1)
(-203, -220, 'DDGcat', 1)
(-436, -462, 'CDG', 1)
(-203, -436, 'DDGcat', 1)
(-203, -479, 'DDGcat', 1)
(-436, -462, 'DDGAV_NOPTS_VALUE', 1)
(-259, -452, 'DDGst', 1)
(-310, -452, 'DDGAV_TIME_BASE_Q', 1)
(-203, -462, 'DDGcat', 1)
(-137, -436, 'DDGcat', 1)
(-436, -452, 'CDG', 1)
(-250, -486, 'DDGret', 1)
(-462, -479, 'DDGnext_dts', 1)
(-452, -462, 'DDGnext_dts', 1)
(-358, -452, 'DDG&st->time_base', 1)
(-412, -486, 'CDG', 1)
(-462, -479, 'CDG', 1)
(-347, -436, 'DDGAV_NOPTS_VALUE', 1)
(-137, -462, 'DDGcat', 1)
(-412, -436, 'CDG', 1)
(-671, -709, 'DDGfile', 1)
===========================
(-21, 0, 'C', 1, '514', 'if (cat->cur_file->duration == AV_NOPTS_VALUE)')
(-6, 0, 'D', 4, '511', '*cat = avf->priv_data')
(-91, 1, '-', 0, '+520', 'cat->cur_file->duration -= (cat->cur_file->file_inpoint - cat->cur_file->file_start_time)')
(-78, 1, '-', 0, '+517', 'else')
(-80, 1, '-', 0, '+518', 'cat->cur_file->duration = cat->cur_file->next_dts')
(-50, 1, '-', 0, '+515', 'if (cat->avf->duration > 0 || cat->cur_file->next_dts == AV_NOPTS_VALUE)')
(-67, 1, '-', 0, '+516', 'cat->cur_file->duration = cat->avf->duration')
(-137, 0, 'D', 72, '567', '*cat = avf->priv_data')
(-203, 0, 'D', 47, '592', 'if (packet_after_outpoint(cat, pkt))')
(-220, 0, 'D', 10000, '598', 'cs = &cat->cur_file->streams[pkt->stream_index]')
(-452, 1, '-', 0, '+640', 'next_dts = av_rescale_q(st->cur_dts, st->time_base, AV_TIME_BASE_Q)')
(-486, 1, '-', 0, '+646', 'return ret;')
(-462, 1, '-', 0, '+641', 'if (cat->cur_file->next_dts == AV_NOPTS_VALUE || next_dts > cat->cur_file->next_dts)')
(-412, 0, 'C', 8, '631', 'if (!(metadata = av_packet_new_side_data(pkt, AV_PKT_DATA_STRINGS_METADATA, metadata_len)))')
(-436, 1, '-', 0, '+639', 'if (cat->cur_file->duration == AV_NOPTS_VALUE && st->cur_dts != AV_NOPTS_VALUE)')
(-259, 0, 'D', 30, '609', 'st = cat->avf->streams[pkt->stream_index]')
(-347, 0, 'D', 19, '620', 'if (pkt->dts != AV_NOPTS_VALUE)')
(-358, 0, 'D', 18, '622', 'av_log(avf, AV_LOG_DEBUG, " -> pts:%s pts_time:%s dts:%s dts_time:%s\\n",\\n           av_ts2str(pkt->pts), av_ts2timestr(pkt->pts, &st->time_base),\\n           av_ts2str(pkt->dts), av_ts2timestr(pkt->dts, &st->time_base))')
(-386, 0, 'C', 14, '625', 'if (cat->cur_file->metadata)')
(-310, 0, 'D', 25, '615', 'delta = av_rescale_q(cat->cur_file->start_time - cat->cur_file->file_inpoint,\\n                         AV_TIME_BASE_Q,\\n                         cat->avf->streams[pkt->stream_index]->time_base)')
(-479, 1, '-', 0, '+642', 'cat->cur_file->next_dts = next_dts')
(-250, 0, 'D', 40, '606', 'if ((ret = filter_packet(avf, cs, pkt)))')
(-336, 0, 'D', 21, '618', 'if (pkt->pts != AV_NOPTS_VALUE)')
(-714, 1, '-', 0, '+154', 'file->inpoint    = AV_NOPTS_VALUE')
(-718, 1, '-', 0, '+160', 'av_free(url)')
(-716, 1, '-', 0, '+157', 'return 0;')
(-671, 0, 'D', 6, '147', 'memset(file, 0, sizeof(*file))')
(-717, 1, '-', 0, '+159', 'fail:')
(-709, 1, '-', 0, '+153', 'file->next_dts   = AV_NOPTS_VALUE')
(-720, 1, '-', 0, '+162', 'return ret;')
(-719, 1, '-', 0, '+161', 'av_free(filename)')
(-715, 1, '-', 0, '+155', 'file->outpoint   = AV_NOPTS_VALUE')
