(-56, -123, 'DDG', -1)
(-56, -109, 'DDG', -1)
(-49, -116, 'DDG', -1)
(-32, -109, 'DDG', -1)
(-32, -108, 'CDG', 1)
(-32, -107, 'CDG', 1)
(-61, -109, 'DDG', -1)
(-32, -123, 'DDG', -1)
(-109, -116, 'DDG', -1)
(-49, -123, 'DDG', -1)
(-109, -116, 'CDG', -1)
(-32, -116, 'DDG', -1)
(-49, -107, 'DDG', 1)
(-56, -116, 'DDG', -1)
(-32, -109, 'CDG', -1)
(-32, -124, 'CDG', -1)
(-32, -123, 'CDG', -1)
(-61, -116, 'DDG', -1)
(-56, -107, 'DDG', 1)
(-49, -109, 'DDG', -1)
(-32, -107, 'DDG', 1)
(-255, -268, 'DDGavc', -1)
(-265, -304, 'DDGvl', -1)
(-292, -304, 'DDGlevel', -1)
(-304, -309, 'DDGvl', -1)
(-268, -292, 'DDGavc', -1)
(-265, -304, 'DDGfmt', -1)
(-292, -304, 'DDGavcl', -1)
(-268, -292, 'CDG', -1)
(-249, -265, 'DDGfmt', -1)
(-116, -249, 'AST', -1)
===========================
(-107, 1, '-', 0, '+263', 'av_free(user_data)')
(-123, -1, '-', 0, '-263', 'av_free(user_data)')
(-124, -1, '-', 0, '-264', 'return 0;')
(-56, 0, 'D', 7, '253', 'user_data[i] = 0')
(-108, 1, '-', 0, '+264', 'return 0;')
(-116, -1, '-', 0, '-261', 'av_log(logctx, AV_LOG_DEBUG, "user data:\\\\"%s\\\\"\\\\n", user_data + 16)')
(-61, 0, 'D', 6, '254', 'e = sscanf(user_data + 16, "x264 - core %d", &build)')
(-32, 0, 'DC', 13, '247', 'if (!user_data)')
(-109, -1, '-', 0, '-260', 'if (strlen(user_data + 16) > 0)')
(-49, 0, 'D', 9, '251', 'user_data[i] = get_bits(gb, 8)')
(-268, -1, '-', 0, '-6', 'if (avc && avc->version >= (50 << 16 | 15 << 8 | 2) &&\\n        avc->log_level_offset_offset && level >= AV_LOG_FATAL)')
(-265, -1, '-', 0, '-5', 'va_start(vl, fmt)')
(-309, -1, '-', 0, '-10', 'va_end(vl)')
(-292, -1, '-', 0, '-8', 'level += *(int *) (((uint8_t *) avcl) + avc->log_level_offset_offset)')
(-249, -1, '-', 0, '-1', 'av_log (void* avcl,int level,const char *fmt)')
(-255, -1, '-', 0, '-3', '* avc = avcl ? *(AVClass **) avcl : NULL')
(-304, -1, '-', 0, '-9', 'av_vlog(avcl, level, fmt, vl)')
---------------------------
(-56, -123, 'DDG', -1)
(-56, -109, 'DDG', -1)
(-49, -116, 'DDG', -1)
(-32, -109, 'DDG', -1)
(-61, -109, 'DDG', -1)
(-32, -123, 'DDG', -1)
(-109, -116, 'DDG', -1)
(-49, -123, 'DDG', -1)
(-109, -116, 'CDG', -1)
(-32, -116, 'DDG', -1)
(-56, -116, 'DDG', -1)
(-32, -109, 'CDG', -1)
(-32, -124, 'CDG', -1)
(-32, -123, 'CDG', -1)
(-61, -116, 'DDG', -1)
(-49, -109, 'DDG', -1)
(-255, -268, 'DDGavc', -1)
(-265, -304, 'DDGvl', -1)
(-292, -304, 'DDGlevel', -1)
(-304, -309, 'DDGvl', -1)
(-268, -292, 'DDGavc', -1)
(-265, -304, 'DDGfmt', -1)
(-292, -304, 'DDGavcl', -1)
(-268, -292, 'CDG', -1)
(-249, -265, 'DDGfmt', -1)
(-116, -249, 'AST', -1)
===========================
(-123, -1, '-', 0, '-263', 'av_free(user_data)')
(-124, -1, '-', 0, '-264', 'return 0;')
(-56, 0, 'D', 7, '253', 'user_data[i] = 0')
(-116, -1, '-', 0, '-261', 'av_log(logctx, AV_LOG_DEBUG, "user data:\\\\"%s\\\\"\\\\n", user_data + 16)')
(-61, 0, 'D', 6, '254', 'e = sscanf(user_data + 16, "x264 - core %d", &build)')
(-32, 0, 'DC', 13, '247', 'if (!user_data)')
(-109, -1, '-', 0, '-260', 'if (strlen(user_data + 16) > 0)')
(-49, 0, 'D', 9, '251', 'user_data[i] = get_bits(gb, 8)')
(-268, -1, '-', 0, '-6', 'if (avc && avc->version >= (50 << 16 | 15 << 8 | 2) &&\\n        avc->log_level_offset_offset && level >= AV_LOG_FATAL)')
(-265, -1, '-', 0, '-5', 'va_start(vl, fmt)')
(-309, -1, '-', 0, '-10', 'va_end(vl)')
(-292, -1, '-', 0, '-8', 'level += *(int *) (((uint8_t *) avcl) + avc->log_level_offset_offset)')
(-249, -1, '-', 0, '-1', 'av_log (void* avcl,int level,const char *fmt)')
(-255, -1, '-', 0, '-3', '* avc = avcl ? *(AVClass **) avcl : NULL')
(-304, -1, '-', 0, '-9', 'av_vlog(avcl, level, fmt, vl)')
---------------------------
(-32, -108, 'CDG', 1)
(-32, -107, 'CDG', 1)
(-49, -107, 'DDG', 1)
(-56, -107, 'DDG', 1)
(-32, -107, 'DDG', 1)
===========================
(-107, 1, '-', 0, '+263', 'av_free(user_data)')
(-56, 0, 'D', 7, '253', 'user_data[i] = 0')
(-108, 1, '-', 0, '+264', 'return 0;')
(-61, 0, 'D', 6, '254', 'e = sscanf(user_data + 16, "x264 - core %d", &build)')
(-32, 0, 'DC', 13, '247', 'if (!user_data)')
(-49, 0, 'D', 9, '251', 'user_data[i] = get_bits(gb, 8)')
