(-116, -91, 'DDGodst1[i]', 1)
(-47, -96, 'CDG', 1)
(-15, -96, 'DDGcdst1', 1)
(-96, -58, 'DDGcdst[i]', 1)
(-31, -116, 'DDGodst1', 1)
(-96, -58, 'DDGodst[i]', 1)
(-135, -75, 'DDGodst[i]', -1)
(-7, -135, 'DDGcdst', -1)
(-23, -96, 'DDGodst', 1)
(-43, -116, 'DDGodst1', 1)
(-135, -91, 'DDGodst[i]', -1)
(-96, -116, 'CDG', 1)
(-135, -47, 'CDG', -1)
(-39, -135, 'DDGcdst', -1)
(-96, -116, 'DDGcdst1[i]', 1)
(-96, -83, 'DDGodst1[i]', 1)
(-43, -135, 'DDGodst', -1)
(-58, -116, 'DDGstderr', 1)
(-7, -96, 'DDGcdst', 1)
(-96, -58, 'CDG', 1)
(-43, -96, 'DDGodst', 1)
(-96, -133, 'CDG', 1)
(-135, -58, 'DDGcdst[i]', -1)
(-43, -96, 'DDGodst1', 1)
(-39, -116, 'DDGcdst1', 1)
(-96, -75, 'DDGodst[i]', 1)
(-135, -58, 'DDGodst[i]', -1)
(-15, -116, 'DDGcdst1', 1)
(-96, -91, 'DDGodst1[i]', 1)
(-135, -145, 'CDG', -1)
(-96, -91, 'DDGodst[i]', 1)
(-96, -47, 'CDG', 1)
(-47, -135, 'CDG', -1)
(-39, -96, 'DDGcdst', 1)
(-135, -58, 'CDG', -1)
(-23, -135, 'DDGodst', -1)
(-39, -96, 'DDGcdst1', 1)
(-31, -96, 'DDGodst1', 1)
(-116, -83, 'DDGodst1[i]', 1)
(-96, -116, 'DDGodst1[i]', 1)
===========================
(-96, 1, '-', 0, '+222', 'if (!float_near_abs_eps(cdst[i],  odst[i],  FLT_EPSILON) ||\\n            !float_near_abs_eps(cdst1[i], odst1[i], FLT_EPSILON))')
(-47, 0, 'C', 1, '221', 'for (i = 0; i < LEN; i++)')
(-75, 0, 'D', 10, '232', 'memcpy(odst,  src0, LEN * sizeof(*src0))')
(-145, -1, '-', 0, '-228', 'fail()')
(-91, 0, 'D', 8, '234', 'bench_new(odst, odst1, LEN)')
(-116, 1, '-', 0, '+226', 'fprintf(stderr, "%d: %- .12f - %- .12f = % .12g\\n",\\n                    i, cdst1[i], odst1[i], cdst1[i] - odst1[i])')
(-23, 0, 'D', 6, '216', 'memcpy(odst,  src0, LEN * sizeof(*src0))')
(-146, -1, '-', 0, '-229', 'break;')
(-7, 0, 'D', 8, '214', 'memcpy(cdst,  src0, LEN * sizeof(*src0))')
(-15, 0, 'D', 7, '215', 'memcpy(cdst1, src1, LEN * sizeof(*src1))')
(-43, 0, 'D', 2, '220', 'call_new(odst, odst1, LEN)')
(-58, 0, 'D', 2, '224', 'fprintf(stderr, "%d: %- .12f - %- .12f = % .12g\\n",\\n                    i, cdst[i], odst[i], cdst[i] - odst[i])')
(-135, -1, '-', 0, '-222', 'if (!float_near_abs_eps(cdst[i], odst[i], FLT_EPSILON))')
(-83, 0, 'D', 7, '233', 'memcpy(odst1, src1, LEN * sizeof(*src1))')
(-133, 1, '-', 0, '+228', 'fail()')
(-134, 1, '-', 0, '+229', 'break;')
(-39, 0, 'D', 3, '219', 'call_ref(cdst, cdst1, LEN)')
(-31, 0, 'D', 5, '217', 'memcpy(odst1, src1, LEN * sizeof(*src1))')
---------------------------
(-135, -75, 'DDGodst[i]', -1)
(-7, -135, 'DDGcdst', -1)
(-135, -91, 'DDGodst[i]', -1)
(-135, -47, 'CDG', -1)
(-39, -135, 'DDGcdst', -1)
(-43, -135, 'DDGodst', -1)
(-135, -58, 'DDGcdst[i]', -1)
(-135, -58, 'DDGodst[i]', -1)
(-135, -145, 'CDG', -1)
(-47, -135, 'CDG', -1)
(-135, -58, 'CDG', -1)
(-23, -135, 'DDGodst', -1)
===========================
(-47, 0, 'C', 1, '221', 'for (i = 0; i < LEN; i++)')
(-75, 0, 'D', 10, '232', 'memcpy(odst,  src0, LEN * sizeof(*src0))')
(-145, -1, '-', 0, '-228', 'fail()')
(-91, 0, 'D', 8, '234', 'bench_new(odst, odst1, LEN)')
(-23, 0, 'D', 6, '216', 'memcpy(odst,  src0, LEN * sizeof(*src0))')
(-146, -1, '-', 0, '-229', 'break;')
(-7, 0, 'D', 8, '214', 'memcpy(cdst,  src0, LEN * sizeof(*src0))')
(-15, 0, 'D', 7, '215', 'memcpy(cdst1, src1, LEN * sizeof(*src1))')
(-43, 0, 'D', 2, '220', 'call_new(odst, odst1, LEN)')
(-58, 0, 'D', 2, '224', 'fprintf(stderr, "%d: %- .12f - %- .12f = % .12g\\n",\\n                    i, cdst[i], odst[i], cdst[i] - odst[i])')
(-135, -1, '-', 0, '-222', 'if (!float_near_abs_eps(cdst[i], odst[i], FLT_EPSILON))')
(-83, 0, 'D', 7, '233', 'memcpy(odst1, src1, LEN * sizeof(*src1))')
(-39, 0, 'D', 3, '219', 'call_ref(cdst, cdst1, LEN)')
(-31, 0, 'D', 5, '217', 'memcpy(odst1, src1, LEN * sizeof(*src1))')
---------------------------
(-116, -91, 'DDGodst1[i]', 1)
(-47, -96, 'CDG', 1)
(-15, -96, 'DDGcdst1', 1)
(-96, -58, 'DDGcdst[i]', 1)
(-31, -116, 'DDGodst1', 1)
(-96, -58, 'DDGodst[i]', 1)
(-23, -96, 'DDGodst', 1)
(-43, -116, 'DDGodst1', 1)
(-96, -116, 'CDG', 1)
(-96, -116, 'DDGcdst1[i]', 1)
(-96, -83, 'DDGodst1[i]', 1)
(-58, -116, 'DDGstderr', 1)
(-7, -96, 'DDGcdst', 1)
(-96, -58, 'CDG', 1)
(-43, -96, 'DDGodst', 1)
(-96, -133, 'CDG', 1)
(-43, -96, 'DDGodst1', 1)
(-39, -116, 'DDGcdst1', 1)
(-96, -75, 'DDGodst[i]', 1)
(-15, -116, 'DDGcdst1', 1)
(-96, -91, 'DDGodst1[i]', 1)
(-96, -91, 'DDGodst[i]', 1)
(-96, -47, 'CDG', 1)
(-39, -96, 'DDGcdst', 1)
(-39, -96, 'DDGcdst1', 1)
(-31, -96, 'DDGodst1', 1)
(-116, -83, 'DDGodst1[i]', 1)
(-96, -116, 'DDGodst1[i]', 1)
===========================
(-96, 1, '-', 0, '+222', 'if (!float_near_abs_eps(cdst[i],  odst[i],  FLT_EPSILON) ||\\n            !float_near_abs_eps(cdst1[i], odst1[i], FLT_EPSILON))')
(-47, 0, 'C', 1, '221', 'for (i = 0; i < LEN; i++)')
(-75, 0, 'D', 10, '232', 'memcpy(odst,  src0, LEN * sizeof(*src0))')
(-91, 0, 'D', 8, '234', 'bench_new(odst, odst1, LEN)')
(-116, 1, '-', 0, '+226', 'fprintf(stderr, "%d: %- .12f - %- .12f = % .12g\\n",\\n                    i, cdst1[i], odst1[i], cdst1[i] - odst1[i])')
(-23, 0, 'D', 6, '216', 'memcpy(odst,  src0, LEN * sizeof(*src0))')
(-7, 0, 'D', 8, '214', 'memcpy(cdst,  src0, LEN * sizeof(*src0))')
(-15, 0, 'D', 7, '215', 'memcpy(cdst1, src1, LEN * sizeof(*src1))')
(-43, 0, 'D', 2, '220', 'call_new(odst, odst1, LEN)')
(-58, 0, 'D', 2, '224', 'fprintf(stderr, "%d: %- .12f - %- .12f = % .12g\\n",\\n                    i, cdst[i], odst[i], cdst[i] - odst[i])')
(-83, 0, 'D', 7, '233', 'memcpy(odst1, src1, LEN * sizeof(*src1))')
(-133, 1, '-', 0, '+228', 'fail()')
(-134, 1, '-', 0, '+229', 'break;')
(-39, 0, 'D', 3, '219', 'call_ref(cdst, cdst1, LEN)')
(-31, 0, 'D', 5, '217', 'memcpy(odst1, src1, LEN * sizeof(*src1))')
