(-56, -123, 'DDGuser_data[i]', -1)
(-56, -109, 'DDGuser_data[i]', -1)
(-49, -116, 'DDGuser_data[i]', -1)
(-32, -109, 'DDGuser_data', -1)
(-32, -108, 'CDG', 1)
(-32, -107, 'CDG', 1)
(-61, -109, 'DDGuser_data + 16', -1)
(-32, -123, 'DDGuser_data', -1)
(-109, -116, 'DDGuser_data + 16', -1)
(-49, -123, 'DDGuser_data[i]', -1)
(-109, -116, 'CDG', -1)
(-32, -116, 'DDGuser_data', -1)
(-49, -107, 'DDGuser_data[i]', 1)
(-56, -116, 'DDGuser_data[i]', -1)
(-32, -109, 'CDG', -1)
(-32, -124, 'CDG', -1)
(-32, -123, 'CDG', -1)
(-61, -116, 'DDGuser_data + 16', -1)
(-56, -107, 'DDGuser_data[i]', 1)
(-49, -109, 'DDGuser_data[i]', -1)
(-32, -107, 'DDGuser_data', 1)
===========================
(-107, 1, '-', 0, '+263', 'av_free(user_data)')
(-123, -1, '-', 0, '-263', 'av_free(user_data)')
(-124, -1, '-', 0, '-264', 'return 0;')
(-56, 0, 'D', 7, '253', 'user_data[i] = 0')
(-108, 1, '-', 0, '+264', 'return 0;')
(-116, -1, '-', 0, '-261', 'av_log(logctx, AV_LOG_DEBUG, "user data:\\"%s\\"\\n", user_data + 16)')
(-61, 0, 'D', 6, '254', 'e = sscanf(user_data + 16, "x264 - core %d", &build)')
(-32, 0, 'DC', 13, '247', 'if (!user_data)')
(-109, -1, '-', 0, '-260', 'if (strlen(user_data + 16) > 0)')
(-49, 0, 'D', 9, '251', 'user_data[i] = get_bits(gb, 8)')
---------------------------
(-56, -123, 'DDGuser_data[i]', -1)
(-56, -109, 'DDGuser_data[i]', -1)
(-49, -116, 'DDGuser_data[i]', -1)
(-32, -109, 'DDGuser_data', -1)
(-61, -109, 'DDGuser_data + 16', -1)
(-32, -123, 'DDGuser_data', -1)
(-109, -116, 'DDGuser_data + 16', -1)
(-49, -123, 'DDGuser_data[i]', -1)
(-109, -116, 'CDG', -1)
(-32, -116, 'DDGuser_data', -1)
(-56, -116, 'DDGuser_data[i]', -1)
(-32, -109, 'CDG', -1)
(-32, -124, 'CDG', -1)
(-32, -123, 'CDG', -1)
(-61, -116, 'DDGuser_data + 16', -1)
(-49, -109, 'DDGuser_data[i]', -1)
===========================
(-123, -1, '-', 0, '-263', 'av_free(user_data)')
(-124, -1, '-', 0, '-264', 'return 0;')
(-56, 0, 'D', 7, '253', 'user_data[i] = 0')
(-116, -1, '-', 0, '-261', 'av_log(logctx, AV_LOG_DEBUG, "user data:\\"%s\\"\\n", user_data + 16)')
(-61, 0, 'D', 6, '254', 'e = sscanf(user_data + 16, "x264 - core %d", &build)')
(-32, 0, 'DC', 13, '247', 'if (!user_data)')
(-109, -1, '-', 0, '-260', 'if (strlen(user_data + 16) > 0)')
(-49, 0, 'D', 9, '251', 'user_data[i] = get_bits(gb, 8)')
---------------------------
(-32, -108, 'CDG', 1)
(-32, -107, 'CDG', 1)
(-49, -107, 'DDGuser_data[i]', 1)
(-56, -107, 'DDGuser_data[i]', 1)
(-32, -107, 'DDGuser_data', 1)
===========================
(-107, 1, '-', 0, '+263', 'av_free(user_data)')
(-56, 0, 'D', 7, '253', 'user_data[i] = 0')
(-108, 1, '-', 0, '+264', 'return 0;')
(-61, 0, 'D', 6, '254', 'e = sscanf(user_data + 16, "x264 - core %d", &build)')
(-32, 0, 'DC', 13, '247', 'if (!user_data)')
(-49, 0, 'D', 9, '251', 'user_data[i] = get_bits(gb, 8)')
