(-28, -47, 'DDGsrc5', 1)
(-5, -16, 'DDGstride', 1)
(-23, -28, 'DDGsrc', 1)
(-16, -23, 'DDGsrc', 1)
(-28, -35, 'DDGstride', 1)
(-42, -47, 'DDGdst', 1)
(-16, -35, 'DDGsrc3', 1)
(-16, -35, 'DDGsrc0', 1)
(-35, -42, 'DDGdst', 1)
(-16, -35, 'DDGsrc2', 1)
(-23, -28, 'DDGstride', 1)
(-28, -47, 'DDGsrc6', 1)
(-5, -54, 'DDGstride', -1)
(-16, -23, 'DDGstride', 1)
(-16, -35, 'DDGsrc1', 1)
(-28, -47, 'DDGsrc4', 1)
(-42, -47, 'DDGstride', 1)
(-35, -42, 'DDGstride', 1)
(-23, -42, 'DDGstride', 1)
(-28, -47, 'DDGsrc7', 1)
(-123, -152, 'DDGsrc7', 1)
(-110, -152, 'DDGsrc3', 1)
(-83, -94, 'DDGstride', 1)
(-163, -174, 'DDGdst0', 1)
(-110, -152, 'DDGsrc0', 1)
(-152, -174, 'DDGsrc3', 1)
(-163, -187, 'DDGdst7', 1)
(-152, -174, 'DDGsrc0', 1)
(-136, -163, 'DDGdst5', 1)
(-136, -163, 'DDGdst6', 1)
(-152, -187, 'DDGsrc4', 1)
(-187, -200, 'DDGdst7', 1)
(-123, -152, 'DDGsrc5', 1)
(-152, -187, 'DDGsrc7', 1)
(-163, -174, 'DDGdst2', 1)
(-99, -110, 'DDGdst0', 1)
(-123, -136, 'DDGdst5', 1)
(-110, -136, 'DDGdst0', 1)
(-136, -163, 'DDGdst0', 1)
(-163, -174, 'DDGdst3', 1)
(-163, -200, 'DDGdst', 1)
(-174, -200, 'DDGdst2', 1)
(-152, -163, 'DDGstride', 1)
(-99, -123, 'DDGdst5', 1)
(-99, -123, 'DDGdst7', 1)
(-99, -110, 'DDGdst2', 1)
(-136, -147, 'DDGdst', 1)
(-83, -123, 'DDGsrc7', 1)
(-83, -110, 'DDGsrc1', 1)
(-83, -94, 'DDGsrc', 1)
(-123, -136, 'DDGdst7', 1)
(-99, -136, 'DDGdst', 1)
(-99, -110, 'DDGdst3', 1)
(-110, -136, 'DDGdst2', 1)
(-123, -136, 'DDGdst4', 1)
(-123, -152, 'DDGsrc4', 1)
(-152, -187, 'DDGsrc5', 1)
(-136, -163, 'DDGdst2', 1)
(-147, -163, 'DDGdst', 1)
(-163, -174, 'DDGdst1', 1)
(-187, -200, 'DDGdst5', 1)
(-174, -200, 'DDGdst0', 1)
(-187, -200, 'DDGdst6', 1)
(-163, -200, 'DDGstride', 1)
(-110, -136, 'DDGdst3', 1)
(-174, -200, 'DDGdst1', 1)
(-136, -163, 'DDGdst7', 1)
(-99, -110, 'DDGdst1', 1)
(-147, -152, 'DDGstride', 1)
(-136, -163, 'DDGdst4', 1)
(-83, -123, 'DDGsrc5', 1)
(-99, -123, 'DDGdst6', 1)
(-152, -187, 'DDGsrc6', 1)
(-94, -152, 'DDGsrc', 1)
(-123, -152, 'DDGsrc6', 1)
(-163, -187, 'DDGdst5', 1)
(-163, -187, 'DDGdst6', 1)
(-174, -200, 'DDGdst3', 1)
(-110, -136, 'DDGdst1', 1)
(-83, -110, 'DDGsrc3', 1)
(-136, -163, 'DDGdst1', 1)
(-83, -110, 'DDGsrc0', 1)
(-64, -211, 'DDGstride', -1)
(-94, -147, 'DDGstride', 1)
(-110, -152, 'DDGsrc1', 1)
(-152, -174, 'DDGsrc1', 1)
(-94, -99, 'DDGstride', 1)
(-136, -147, 'DDGstride', 1)
(-136, -163, 'DDGdst3', 1)
(-83, -123, 'DDGsrc6', 1)
(-99, -123, 'DDGdst4', 1)
(-83, -110, 'DDGsrc2', 1)
(-99, -136, 'DDGstride', 1)
(-163, -187, 'DDGdst4', 1)
(-83, -123, 'DDGsrc4', 1)
(-110, -152, 'DDGsrc2', 1)
(-64, -83, 'DDGstride', 1)
(-187, -200, 'DDGdst4', 1)
(-123, -136, 'DDGdst6', 1)
(-152, -174, 'DDGsrc2', 1)
(-263, -298, 'DDGstride', 1)
(-248, -313, 'DDGdst1', 1)
(-256, -279, 'DDGtp3', 1)
(-268, -291, 'DDGstride', 1)
(-298, -338, 'DDGstride', 1)
(-268, -287, 'DDGtp7', 1)
(-256, -263, 'DDGsrc', 1)
(-263, -268, 'DDGsrc', 1)
(-283, -298, 'DDGtp5', 1)
(-291, -313, 'DDGtp2', 1)
(-298, -321, 'DDGtp7', 1)
(-221, -345, 'DDGstride', -1)
(-279, -291, 'DDGtp2', 1)
(-313, -325, 'DDGdst1', 1)
(-287, -298, 'DDGtp7', 1)
(-283, -298, 'DDGtp4', 1)
(-291, -309, 'DDGtp0', 1)
(-275, -325, 'DDGsrc0', 1)
(-291, -298, 'DDGstride', 1)
(-248, -317, 'DDGdst2', 1)
(-248, -321, 'DDGdst3', 1)
(-291, -309, 'DDGtp1', 1)
(-325, -338, 'DDGdst2', 1)
(-325, -338, 'DDGdst1', 1)
(-275, -291, 'DDGtp0', 1)
(-256, -279, 'DDGtp2', 1)
(-279, -325, 'DDGsrc1', 1)
(-268, -283, 'DDGtp4', 1)
(-268, -283, 'DDGtp5', 1)
(-221, -256, 'DDGstride', 1)
(-298, -317, 'DDGtp4', 1)
(-242, -283, 'DDGsrc2', 1)
(-298, -317, 'DDGtp5', 1)
(-256, -275, 'DDGtp0', 1)
(-321, -325, 'DDGdst3', 1)
(-242, -279, 'DDGsrc1', 1)
(-317, -325, 'DDGdst2', 1)
(-248, -309, 'DDGdst0', 1)
(-291, -298, 'DDGdst', 1)
(-275, -291, 'DDGtp1', 1)
(-263, -268, 'DDGstride', 1)
(-256, -263, 'DDGstride', 1)
(-242, -287, 'DDGsrc3', 1)
(-309, -325, 'DDGdst0', 1)
(-298, -321, 'DDGtp6', 1)
(-279, -291, 'DDGtp3', 1)
(-291, -338, 'DDGdst', 1)
(-242, -275, 'DDGsrc0', 1)
(-256, -275, 'DDGtp1', 1)
(-268, -287, 'DDGtp6', 1)
(-291, -313, 'DDGtp3', 1)
(-325, -338, 'DDGdst3', 1)
(-283, -325, 'DDGsrc2', 1)
(-287, -298, 'DDGtp6', 1)
(-325, -338, 'DDGdst0', 1)
(-287, -325, 'DDGsrc3', 1)
(-385, -412, 'DDGstride', 1)
(-390, -417, 'DDGsrc15', 1)
(-374, -401, 'DDGsrc1', 1)
(-374, -385, 'DDGsrc', 1)
(-412, -417, 'DDGstride', 1)
(-374, -401, 'DDGsrc3', 1)
(-390, -417, 'DDGsrc12', 1)
(-390, -417, 'DDGsrc9', 1)
(-385, -390, 'DDGsrc', 1)
(-374, -401, 'DDGsrc6', 1)
(-390, -417, 'DDGsrc14', 1)
(-401, -412, 'DDGstride', 1)
(-390, -417, 'DDGsrc11', 1)
(-390, -401, 'DDGstride', 1)
(-374, -401, 'DDGsrc0', 1)
(-374, -401, 'DDGsrc5', 1)
(-374, -401, 'DDGsrc4', 1)
(-390, -417, 'DDGsrc13', 1)
(-401, -412, 'DDGdst', 1)
(-374, -401, 'DDGsrc7', 1)
(-355, -374, 'DDGstride', 1)
(-412, -417, 'DDGdst', 1)
(-374, -401, 'DDGsrc2', 1)
(-374, -385, 'DDGstride', 1)
(-390, -417, 'DDGsrc8', 1)
(-355, -428, 'DDGstride', -1)
(-390, -417, 'DDGsrc10', 1)
(-385, -390, 'DDGstride', 1)
(-464, -482, 'DDGdst', 1)
(-438, -451, 'DDGstride', 1)
(-451, -458, 'DDGtp1', 1)
(-446, -471, 'DDGdst0', 1)
(-464, -471, 'DDGtp0', 1)
(-458, -464, 'DDGtp2', 1)
(-464, -471, 'DDGtp1', 1)
(-451, -458, 'DDGtp3', 1)
(-438, -491, 'DDGstride', -1)
(-458, -477, 'DDGsrc0', 1)
(-458, -464, 'DDGtp0', 1)
(-451, -464, 'DDGstride', 1)
(-458, -464, 'DDGtp1', 1)
(-464, -482, 'DDGstride', 1)
(-464, -471, 'DDGtp3', 1)
(-451, -458, 'DDGtp2', 1)
(-446, -458, 'DDGsrc0', 1)
(-471, -477, 'DDGdst0', 1)
(-477, -482, 'DDGdst0', 1)
(-464, -471, 'DDGtp2', 1)
(-458, -464, 'DDGtp3', 1)
(-451, -458, 'DDGtp0', 1)
===========================
(-16, 1, '-', 0, '+2986', 'LD4(src, stride, src0, src1, src2, src3)')
(-42, 1, '-', 0, '+2990', 'dst += 4 * stride')
(-5, 0, 'D', 2, '2982', 'ptrdiff_t stride')
(-35, 1, '-', 0, '+2989', 'SD4(src0, src1, src2, src3, dst, stride)')
(-47, 1, '-', 0, '+2991', 'SD4(src4, src5, src6, src7, dst, stride)')
(-28, 1, '-', 0, '+2988', 'LD4(src, stride, src4, src5, src6, src7)')
(-23, 1, '-', 0, '+2987', 'src += 4 * stride')
(-54, -1, '-', 0, '-2984', 'copy_width8_msa(src, stride, dst, stride, 8)')
(-174, 1, '-', 0, '+3014', 'AVER_UB4_UB(src0, dst0, src1, dst1, src2, dst2, src3, dst3, dst0, dst1,\\n                dst2, dst3)')
(-123, 1, '-', 0, '+3006', 'AVER_UB4_UB(src4, dst4, src5, dst5, src6, dst6, src7, dst7, dst4, dst5,\\n                dst6, dst7)')
(-64, 0, 'D', 2, '2995', 'ptrdiff_t stride')
(-187, 1, '-', 0, '+3016', 'AVER_UB4_UB(src4, dst4, src5, dst5, src6, dst6, src7, dst7, dst4, dst5,\\n                dst6, dst7)')
(-136, 1, '-', 0, '+3008', 'ST_UB8(dst0, dst1, dst2, dst3, dst4, dst5, dst6, dst7, dst, stride)')
(-147, 1, '-', 0, '+3009', 'dst += (8 * stride)')
(-94, 1, '-', 0, '+3001', 'src += (8 * stride)')
(-200, 1, '-', 0, '+3018', 'ST_UB8(dst0, dst1, dst2, dst3, dst4, dst5, dst6, dst7, dst, stride)')
(-152, 1, '-', 0, '+3011', 'LD_UB8(src, stride, src0, src1, src2, src3, src4, src5, src6, src7)')
(-99, 1, '-', 0, '+3002', 'LD_UB8(dst, stride, dst0, dst1, dst2, dst3, dst4, dst5, dst6, dst7)')
(-211, -1, '-', 0, '-2997', 'avg_width16_msa(src, stride, dst, stride, 16)')
(-110, 1, '-', 0, '+3004', 'AVER_UB4_UB(src0, dst0, src1, dst1, src2, dst2, src3, dst3, dst0, dst1,\\n                dst2, dst3)')
(-83, 1, '-', 0, '+3000', 'LD_UB8(src, stride, src0, src1, src2, src3, src4, src5, src6, src7)')
(-163, 1, '-', 0, '+3012', 'LD_UB8(dst, stride, dst0, dst1, dst2, dst3, dst4, dst5, dst6, dst7)')
(-248, 1, '-', 0, '+3026', 'dst1 = { 0 }')
(-321, 1, '-', 0, '+3041', 'INSERT_D2_UB(tp6, tp7, dst3)')
(-309, 1, '-', 0, '+3038', 'INSERT_D2_UB(tp0, tp1, dst0)')
(-283, 1, '-', 0, '+3033', 'INSERT_D2_UB(tp4, tp5, src2)')
(-242, 1, '-', 0, '+3025', 'src3 = { 0 }')
(-298, 1, '-', 0, '+3037', 'LD4(dst + 4 * stride, stride, tp4, tp5, tp6, tp7)')
(-291, 1, '-', 0, '+3036', 'LD4(dst, stride, tp0, tp1, tp2, tp3)')
(-317, 1, '-', 0, '+3040', 'INSERT_D2_UB(tp4, tp5, dst2)')
(-287, 1, '-', 0, '+3034', 'INSERT_D2_UB(tp6, tp7, src3)')
(-279, 1, '-', 0, '+3032', 'INSERT_D2_UB(tp2, tp3, src1)')
(-313, 1, '-', 0, '+3039', 'INSERT_D2_UB(tp2, tp3, dst1)')
(-256, 1, '-', 0, '+3028', 'LD4(src, stride, tp0, tp1, tp2, tp3)')
(-275, 1, '-', 0, '+3031', 'INSERT_D2_UB(tp0, tp1, src0)')
(-221, 0, 'D', 2, '3022', 'ptrdiff_t stride')
(-325, 1, '-', 0, '+3043', 'AVER_UB4_UB(src0, dst0, src1, dst1, src2, dst2, src3, dst3, dst0, dst1,\\n                dst2, dst3)')
(-268, 1, '-', 0, '+3030', 'LD4(src, stride, tp4, tp5, tp6, tp7)')
(-263, 1, '-', 0, '+3029', 'src += 4 * stride')
(-338, 1, '-', 0, '+3046', 'ST8x8_UB(dst0, dst1, dst2, dst3, dst, stride)')
(-345, -1, '-', 0, '-3024', 'avg_width8_msa(src, stride, dst, stride, 8)')
(-355, 0, 'D', 2, '2967', 'ptrdiff_t stride')
(-401, 1, '-', 0, '+2976', 'ST_UB8(src0, src1, src2, src3, src4, src5, src6, src7, dst, stride)')
(-385, 1, '-', 0, '+2973', 'src += (8 * stride)')
(-428, -1, '-', 0, '-2969', 'copy_width16_msa(src, stride, dst, stride, 16)')
(-412, 1, '-', 0, '+2977', 'dst += (8 * stride)')
(-374, 1, '-', 0, '+2972', 'LD_UB8(src, stride, src0, src1, src2, src3, src4, src5, src6, src7)')
(-390, 1, '-', 0, '+2974', 'LD_UB8(src, stride, src8, src9, src10, src11, src12, src13, src14, src15)')
(-417, 1, '-', 0, '+2978', 'ST_UB8(src8, src9, src10, src11, src12, src13, src14, src15, dst, stride)')
(-491, -1, '-', 0, '-3052', 'avg_width4_msa(src, stride, dst, stride, 4)')
(-458, 1, '-', 0, '+3056', 'INSERT_W4_UB(tp0, tp1, tp2, tp3, src0)')
(-446, 1, '-', 0, '+3053', 'src0 = { 0 }')
(-482, 1, '-', 0, '+3062', 'ST4x4_UB(dst0, dst0, 0, 1, 2, 3, dst, stride)')
(-471, 1, '-', 0, '+3058', 'INSERT_W4_UB(tp0, tp1, tp2, tp3, dst0)')
(-438, 0, 'D', 2, '3050', 'ptrdiff_t stride')
(-477, 1, '-', 0, '+3060', 'dst0 = __msa_aver_u_b(src0, dst0)')
(-451, 1, '-', 0, '+3055', 'LW4(src, stride, tp0, tp1, tp2, tp3)')
(-464, 1, '-', 0, '+3057', 'LW4(dst, stride, tp0, tp1, tp2, tp3)')
---------------------------
(-5, -54, 'DDGstride', -1)
(-64, -211, 'DDGstride', -1)
(-221, -345, 'DDGstride', -1)
(-355, -428, 'DDGstride', -1)
(-438, -491, 'DDGstride', -1)
===========================
(-5, 0, 'D', 2, '2982', 'ptrdiff_t stride')
(-54, -1, '-', 0, '-2984', 'copy_width8_msa(src, stride, dst, stride, 8)')
(-64, 0, 'D', 2, '2995', 'ptrdiff_t stride')
(-211, -1, '-', 0, '-2997', 'avg_width16_msa(src, stride, dst, stride, 16)')
(-221, 0, 'D', 2, '3022', 'ptrdiff_t stride')
(-345, -1, '-', 0, '-3024', 'avg_width8_msa(src, stride, dst, stride, 8)')
(-355, 0, 'D', 2, '2967', 'ptrdiff_t stride')
(-428, -1, '-', 0, '-2969', 'copy_width16_msa(src, stride, dst, stride, 16)')
(-491, -1, '-', 0, '-3052', 'avg_width4_msa(src, stride, dst, stride, 4)')
(-438, 0, 'D', 2, '3050', 'ptrdiff_t stride')
---------------------------
(-28, -47, 'DDGsrc5', 1)
(-5, -16, 'DDGstride', 1)
(-23, -28, 'DDGsrc', 1)
(-16, -23, 'DDGsrc', 1)
(-28, -35, 'DDGstride', 1)
(-42, -47, 'DDGdst', 1)
(-16, -35, 'DDGsrc3', 1)
(-16, -35, 'DDGsrc0', 1)
(-35, -42, 'DDGdst', 1)
(-16, -35, 'DDGsrc2', 1)
(-23, -28, 'DDGstride', 1)
(-28, -47, 'DDGsrc6', 1)
(-16, -23, 'DDGstride', 1)
(-16, -35, 'DDGsrc1', 1)
(-28, -47, 'DDGsrc4', 1)
(-42, -47, 'DDGstride', 1)
(-35, -42, 'DDGstride', 1)
(-23, -42, 'DDGstride', 1)
(-28, -47, 'DDGsrc7', 1)
(-123, -152, 'DDGsrc7', 1)
(-110, -152, 'DDGsrc3', 1)
(-83, -94, 'DDGstride', 1)
(-163, -174, 'DDGdst0', 1)
(-110, -152, 'DDGsrc0', 1)
(-152, -174, 'DDGsrc3', 1)
(-163, -187, 'DDGdst7', 1)
(-152, -174, 'DDGsrc0', 1)
(-136, -163, 'DDGdst5', 1)
(-136, -163, 'DDGdst6', 1)
(-152, -187, 'DDGsrc4', 1)
(-187, -200, 'DDGdst7', 1)
(-123, -152, 'DDGsrc5', 1)
(-152, -187, 'DDGsrc7', 1)
(-163, -174, 'DDGdst2', 1)
(-99, -110, 'DDGdst0', 1)
(-123, -136, 'DDGdst5', 1)
(-110, -136, 'DDGdst0', 1)
(-136, -163, 'DDGdst0', 1)
(-163, -174, 'DDGdst3', 1)
(-163, -200, 'DDGdst', 1)
(-174, -200, 'DDGdst2', 1)
(-152, -163, 'DDGstride', 1)
(-99, -123, 'DDGdst5', 1)
(-99, -123, 'DDGdst7', 1)
(-99, -110, 'DDGdst2', 1)
(-136, -147, 'DDGdst', 1)
(-83, -123, 'DDGsrc7', 1)
(-83, -110, 'DDGsrc1', 1)
(-83, -94, 'DDGsrc', 1)
(-123, -136, 'DDGdst7', 1)
(-99, -136, 'DDGdst', 1)
(-99, -110, 'DDGdst3', 1)
(-110, -136, 'DDGdst2', 1)
(-123, -136, 'DDGdst4', 1)
(-123, -152, 'DDGsrc4', 1)
(-152, -187, 'DDGsrc5', 1)
(-136, -163, 'DDGdst2', 1)
(-147, -163, 'DDGdst', 1)
(-163, -174, 'DDGdst1', 1)
(-187, -200, 'DDGdst5', 1)
(-174, -200, 'DDGdst0', 1)
(-187, -200, 'DDGdst6', 1)
(-163, -200, 'DDGstride', 1)
(-110, -136, 'DDGdst3', 1)
(-174, -200, 'DDGdst1', 1)
(-136, -163, 'DDGdst7', 1)
(-99, -110, 'DDGdst1', 1)
(-147, -152, 'DDGstride', 1)
(-136, -163, 'DDGdst4', 1)
(-83, -123, 'DDGsrc5', 1)
(-99, -123, 'DDGdst6', 1)
(-152, -187, 'DDGsrc6', 1)
(-94, -152, 'DDGsrc', 1)
(-123, -152, 'DDGsrc6', 1)
(-163, -187, 'DDGdst5', 1)
(-163, -187, 'DDGdst6', 1)
(-174, -200, 'DDGdst3', 1)
(-110, -136, 'DDGdst1', 1)
(-83, -110, 'DDGsrc3', 1)
(-136, -163, 'DDGdst1', 1)
(-83, -110, 'DDGsrc0', 1)
(-94, -147, 'DDGstride', 1)
(-110, -152, 'DDGsrc1', 1)
(-152, -174, 'DDGsrc1', 1)
(-94, -99, 'DDGstride', 1)
(-136, -147, 'DDGstride', 1)
(-136, -163, 'DDGdst3', 1)
(-83, -123, 'DDGsrc6', 1)
(-99, -123, 'DDGdst4', 1)
(-83, -110, 'DDGsrc2', 1)
(-99, -136, 'DDGstride', 1)
(-163, -187, 'DDGdst4', 1)
(-83, -123, 'DDGsrc4', 1)
(-110, -152, 'DDGsrc2', 1)
(-64, -83, 'DDGstride', 1)
(-187, -200, 'DDGdst4', 1)
(-123, -136, 'DDGdst6', 1)
(-152, -174, 'DDGsrc2', 1)
(-263, -298, 'DDGstride', 1)
(-248, -313, 'DDGdst1', 1)
(-256, -279, 'DDGtp3', 1)
(-268, -291, 'DDGstride', 1)
(-298, -338, 'DDGstride', 1)
(-268, -287, 'DDGtp7', 1)
(-256, -263, 'DDGsrc', 1)
(-263, -268, 'DDGsrc', 1)
(-283, -298, 'DDGtp5', 1)
(-291, -313, 'DDGtp2', 1)
(-298, -321, 'DDGtp7', 1)
(-279, -291, 'DDGtp2', 1)
(-313, -325, 'DDGdst1', 1)
(-287, -298, 'DDGtp7', 1)
(-283, -298, 'DDGtp4', 1)
(-291, -309, 'DDGtp0', 1)
(-275, -325, 'DDGsrc0', 1)
(-291, -298, 'DDGstride', 1)
(-248, -317, 'DDGdst2', 1)
(-248, -321, 'DDGdst3', 1)
(-291, -309, 'DDGtp1', 1)
(-325, -338, 'DDGdst2', 1)
(-325, -338, 'DDGdst1', 1)
(-275, -291, 'DDGtp0', 1)
(-256, -279, 'DDGtp2', 1)
(-279, -325, 'DDGsrc1', 1)
(-268, -283, 'DDGtp4', 1)
(-268, -283, 'DDGtp5', 1)
(-221, -256, 'DDGstride', 1)
(-298, -317, 'DDGtp4', 1)
(-242, -283, 'DDGsrc2', 1)
(-298, -317, 'DDGtp5', 1)
(-256, -275, 'DDGtp0', 1)
(-321, -325, 'DDGdst3', 1)
(-242, -279, 'DDGsrc1', 1)
(-317, -325, 'DDGdst2', 1)
(-248, -309, 'DDGdst0', 1)
(-291, -298, 'DDGdst', 1)
(-275, -291, 'DDGtp1', 1)
(-263, -268, 'DDGstride', 1)
(-256, -263, 'DDGstride', 1)
(-242, -287, 'DDGsrc3', 1)
(-309, -325, 'DDGdst0', 1)
(-298, -321, 'DDGtp6', 1)
(-279, -291, 'DDGtp3', 1)
(-291, -338, 'DDGdst', 1)
(-242, -275, 'DDGsrc0', 1)
(-256, -275, 'DDGtp1', 1)
(-268, -287, 'DDGtp6', 1)
(-291, -313, 'DDGtp3', 1)
(-325, -338, 'DDGdst3', 1)
(-283, -325, 'DDGsrc2', 1)
(-287, -298, 'DDGtp6', 1)
(-325, -338, 'DDGdst0', 1)
(-287, -325, 'DDGsrc3', 1)
(-385, -412, 'DDGstride', 1)
(-390, -417, 'DDGsrc15', 1)
(-374, -401, 'DDGsrc1', 1)
(-374, -385, 'DDGsrc', 1)
(-412, -417, 'DDGstride', 1)
(-374, -401, 'DDGsrc3', 1)
(-390, -417, 'DDGsrc12', 1)
(-390, -417, 'DDGsrc9', 1)
(-385, -390, 'DDGsrc', 1)
(-374, -401, 'DDGsrc6', 1)
(-390, -417, 'DDGsrc14', 1)
(-401, -412, 'DDGstride', 1)
(-390, -417, 'DDGsrc11', 1)
(-390, -401, 'DDGstride', 1)
(-374, -401, 'DDGsrc0', 1)
(-374, -401, 'DDGsrc5', 1)
(-374, -401, 'DDGsrc4', 1)
(-390, -417, 'DDGsrc13', 1)
(-401, -412, 'DDGdst', 1)
(-374, -401, 'DDGsrc7', 1)
(-355, -374, 'DDGstride', 1)
(-412, -417, 'DDGdst', 1)
(-374, -401, 'DDGsrc2', 1)
(-374, -385, 'DDGstride', 1)
(-390, -417, 'DDGsrc8', 1)
(-390, -417, 'DDGsrc10', 1)
(-385, -390, 'DDGstride', 1)
(-464, -482, 'DDGdst', 1)
(-438, -451, 'DDGstride', 1)
(-451, -458, 'DDGtp1', 1)
(-446, -471, 'DDGdst0', 1)
(-464, -471, 'DDGtp0', 1)
(-458, -464, 'DDGtp2', 1)
(-464, -471, 'DDGtp1', 1)
(-451, -458, 'DDGtp3', 1)
(-458, -477, 'DDGsrc0', 1)
(-458, -464, 'DDGtp0', 1)
(-451, -464, 'DDGstride', 1)
(-458, -464, 'DDGtp1', 1)
(-464, -482, 'DDGstride', 1)
(-464, -471, 'DDGtp3', 1)
(-451, -458, 'DDGtp2', 1)
(-446, -458, 'DDGsrc0', 1)
(-471, -477, 'DDGdst0', 1)
(-477, -482, 'DDGdst0', 1)
(-464, -471, 'DDGtp2', 1)
(-458, -464, 'DDGtp3', 1)
(-451, -458, 'DDGtp0', 1)
===========================
(-16, 1, '-', 0, '+2986', 'LD4(src, stride, src0, src1, src2, src3)')
(-42, 1, '-', 0, '+2990', 'dst += 4 * stride')
(-5, 0, 'D', 2, '2982', 'ptrdiff_t stride')
(-35, 1, '-', 0, '+2989', 'SD4(src0, src1, src2, src3, dst, stride)')
(-47, 1, '-', 0, '+2991', 'SD4(src4, src5, src6, src7, dst, stride)')
(-28, 1, '-', 0, '+2988', 'LD4(src, stride, src4, src5, src6, src7)')
(-23, 1, '-', 0, '+2987', 'src += 4 * stride')
(-174, 1, '-', 0, '+3014', 'AVER_UB4_UB(src0, dst0, src1, dst1, src2, dst2, src3, dst3, dst0, dst1,\\n                dst2, dst3)')
(-123, 1, '-', 0, '+3006', 'AVER_UB4_UB(src4, dst4, src5, dst5, src6, dst6, src7, dst7, dst4, dst5,\\n                dst6, dst7)')
(-64, 0, 'D', 2, '2995', 'ptrdiff_t stride')
(-187, 1, '-', 0, '+3016', 'AVER_UB4_UB(src4, dst4, src5, dst5, src6, dst6, src7, dst7, dst4, dst5,\\n                dst6, dst7)')
(-136, 1, '-', 0, '+3008', 'ST_UB8(dst0, dst1, dst2, dst3, dst4, dst5, dst6, dst7, dst, stride)')
(-147, 1, '-', 0, '+3009', 'dst += (8 * stride)')
(-94, 1, '-', 0, '+3001', 'src += (8 * stride)')
(-200, 1, '-', 0, '+3018', 'ST_UB8(dst0, dst1, dst2, dst3, dst4, dst5, dst6, dst7, dst, stride)')
(-152, 1, '-', 0, '+3011', 'LD_UB8(src, stride, src0, src1, src2, src3, src4, src5, src6, src7)')
(-99, 1, '-', 0, '+3002', 'LD_UB8(dst, stride, dst0, dst1, dst2, dst3, dst4, dst5, dst6, dst7)')
(-110, 1, '-', 0, '+3004', 'AVER_UB4_UB(src0, dst0, src1, dst1, src2, dst2, src3, dst3, dst0, dst1,\\n                dst2, dst3)')
(-83, 1, '-', 0, '+3000', 'LD_UB8(src, stride, src0, src1, src2, src3, src4, src5, src6, src7)')
(-163, 1, '-', 0, '+3012', 'LD_UB8(dst, stride, dst0, dst1, dst2, dst3, dst4, dst5, dst6, dst7)')
(-248, 1, '-', 0, '+3026', 'dst1 = { 0 }')
(-321, 1, '-', 0, '+3041', 'INSERT_D2_UB(tp6, tp7, dst3)')
(-309, 1, '-', 0, '+3038', 'INSERT_D2_UB(tp0, tp1, dst0)')
(-283, 1, '-', 0, '+3033', 'INSERT_D2_UB(tp4, tp5, src2)')
(-242, 1, '-', 0, '+3025', 'src3 = { 0 }')
(-298, 1, '-', 0, '+3037', 'LD4(dst + 4 * stride, stride, tp4, tp5, tp6, tp7)')
(-291, 1, '-', 0, '+3036', 'LD4(dst, stride, tp0, tp1, tp2, tp3)')
(-317, 1, '-', 0, '+3040', 'INSERT_D2_UB(tp4, tp5, dst2)')
(-287, 1, '-', 0, '+3034', 'INSERT_D2_UB(tp6, tp7, src3)')
(-279, 1, '-', 0, '+3032', 'INSERT_D2_UB(tp2, tp3, src1)')
(-313, 1, '-', 0, '+3039', 'INSERT_D2_UB(tp2, tp3, dst1)')
(-256, 1, '-', 0, '+3028', 'LD4(src, stride, tp0, tp1, tp2, tp3)')
(-275, 1, '-', 0, '+3031', 'INSERT_D2_UB(tp0, tp1, src0)')
(-221, 0, 'D', 2, '3022', 'ptrdiff_t stride')
(-325, 1, '-', 0, '+3043', 'AVER_UB4_UB(src0, dst0, src1, dst1, src2, dst2, src3, dst3, dst0, dst1,\\n                dst2, dst3)')
(-268, 1, '-', 0, '+3030', 'LD4(src, stride, tp4, tp5, tp6, tp7)')
(-263, 1, '-', 0, '+3029', 'src += 4 * stride')
(-338, 1, '-', 0, '+3046', 'ST8x8_UB(dst0, dst1, dst2, dst3, dst, stride)')
(-355, 0, 'D', 2, '2967', 'ptrdiff_t stride')
(-401, 1, '-', 0, '+2976', 'ST_UB8(src0, src1, src2, src3, src4, src5, src6, src7, dst, stride)')
(-385, 1, '-', 0, '+2973', 'src += (8 * stride)')
(-412, 1, '-', 0, '+2977', 'dst += (8 * stride)')
(-374, 1, '-', 0, '+2972', 'LD_UB8(src, stride, src0, src1, src2, src3, src4, src5, src6, src7)')
(-390, 1, '-', 0, '+2974', 'LD_UB8(src, stride, src8, src9, src10, src11, src12, src13, src14, src15)')
(-417, 1, '-', 0, '+2978', 'ST_UB8(src8, src9, src10, src11, src12, src13, src14, src15, dst, stride)')
(-458, 1, '-', 0, '+3056', 'INSERT_W4_UB(tp0, tp1, tp2, tp3, src0)')
(-446, 1, '-', 0, '+3053', 'src0 = { 0 }')
(-482, 1, '-', 0, '+3062', 'ST4x4_UB(dst0, dst0, 0, 1, 2, 3, dst, stride)')
(-471, 1, '-', 0, '+3058', 'INSERT_W4_UB(tp0, tp1, tp2, tp3, dst0)')
(-438, 0, 'D', 2, '3050', 'ptrdiff_t stride')
(-477, 1, '-', 0, '+3060', 'dst0 = __msa_aver_u_b(src0, dst0)')
(-451, 1, '-', 0, '+3055', 'LW4(src, stride, tp0, tp1, tp2, tp3)')
(-464, 1, '-', 0, '+3057', 'LW4(dst, stride, tp0, tp1, tp2, tp3)')
